#
# A fatal error has been detected by the Java Runtime Environment:
#
#  EXCEPTION_ACCESS_VIOLATION (0xc0000005) at pc=0x00007ffa47a05039, pid=12000, tid=6908
#
# JRE version: OpenJDK Runtime Environment (11.0.13) (build 11.0.13+0-b1751.21-8125866)
# Java VM: OpenJDK 64-Bit Server VM (11.0.13+0-b1751.21-8125866, mixed mode, tiered, compressed oops, g1 gc, windows-amd64)
# Problematic frame:
# V  [jvm.dll+0x2e5039]
#
# No core dump will be written. Minidumps are not enabled by default on client versions of Windows
#
# If you would like to submit a bug report, please visit:
#   https://bugreport.java.com/bugreport/crash.jsp
#

---------------  S U M M A R Y ------------

Command Line: --add-opens=java.base/java.util=ALL-UNNAMED --add-opens=java.base/java.lang=ALL-UNNAMED --add-opens=java.base/java.lang.invoke=ALL-UNNAMED --add-opens=java.base/java.util=ALL-UNNAMED --add-opens=java.prefs/java.util.prefs=ALL-UNNAMED --add-opens=java.prefs/java.util.prefs=ALL-UNNAMED --add-opens=java.base/java.nio.charset=ALL-UNNAMED --add-opens=java.base/java.net=ALL-UNNAMED --add-opens=java.base/java.util.concurrent.atomic=ALL-UNNAMED -Xmx2048m -Dfile.encoding=UTF-8 -Duser.country=TR -Duser.language=tr -Duser.variant org.gradle.launcher.daemon.bootstrap.GradleDaemon 7.4

Host: Intel(R) Core(TM) i3-3220 CPU @ 3.30GHz, 4 cores, 7G,  Windows 10 , 64 bit Build 19041 (10.0.19041.1889)
Time: Sun Nov 13 23:45:27 2022 Azerbaycan Standart Saati elapsed time: 49.084954 seconds (0d 0h 0m 49s)

---------------  T H R E A D  ---------------

Current thread (0x00000128fb9f7000):  ConcurrentGCThread "G1 Conc#0" [stack: 0x0000001ebb000000,0x0000001ebb100000] [id=6908]

Stack: [0x0000001ebb000000,0x0000001ebb100000],  sp=0x0000001ebb0ff790,  free space=1021k
Native frames: (J=compiled Java code, j=interpreted, Vv=VM code, C=native code)
V  [jvm.dll+0x2e5039]
V  [jvm.dll+0x2e4f66]
V  [jvm.dll+0x2de20d]
V  [jvm.dll+0x2dc681]
V  [jvm.dll+0x2eac0f]
V  [jvm.dll+0x2eca5b]
V  [jvm.dll+0x2ee62b]
V  [jvm.dll+0x2ed249]
V  [jvm.dll+0x2f1826]
V  [jvm.dll+0x771260]
V  [jvm.dll+0x706a75]
V  [jvm.dll+0x60ed66]
C  [ucrtbase.dll+0x21bb2]
C  [KERNEL32.DLL+0x17034]
C  [ntdll.dll+0x526a1]


siginfo: EXCEPTION_ACCESS_VIOLATION (0xc0000005), reading address 0x0000000000000160


Register to memory mapping:

RIP=0x00007ffa47a05039 jvm.dll
RAX=0x00000128fb9d4a80 points into unknown readable memory: 0x0000000000000000 | 00 00 00 00 00 00 00 00
RBX=0x0000000001000000 is an unknown value
RCX=0x00000128fb9ec430 points into unknown readable memory: 0x00000128fb9f5000 | 00 50 9f fb 28 01 00 00
RDX=0x0 is NULL
RSP=0x0000001ebb0ff790 points into unknown readable memory: 0x0000000085710748 | 48 07 71 85 00 00 00 00
RBP=0x00000128fb9ec430 points into unknown readable memory: 0x00000128fb9f5000 | 00 50 9f fb 28 01 00 00
RSI=0x0000001ebb0ff988 points into unknown readable memory: 0x00007ffa47f695c0 | c0 95 f6 47 fa 7f 00 00
RDI=0x0000000001000000 is an unknown value
R8 =0x0 is NULL
R9 =0x0000000001000000 is an unknown value
R10=0x00000128fb9ec430 points into unknown readable memory: 0x00000128fb9f5000 | 00 50 9f fb 28 01 00 00
R11=0x000001288f800000 points into unknown readable memory: 0x0000000000000001 | 01 00 00 00 00 00 00 00
R12=0x000000000000000c is an unknown value
R13=0xaaaaaaaaaaaaaaab is an unknown value
R14=0x0 is NULL
R15=0x0000001ebb0ff960 points into unknown readable memory: 0x00000128fb9ec430 | 30 c4 9e fb 28 01 00 00


Registers:
RAX=0x00000128fb9d4a80, RBX=0x0000000001000000, RCX=0x00000128fb9ec430, RDX=0x0000000000000000
RSP=0x0000001ebb0ff790, RBP=0x00000128fb9ec430, RSI=0x0000001ebb0ff988, RDI=0x0000000001000000
R8 =0x0000000000000000, R9 =0x0000000001000000, R10=0x00000128fb9ec430, R11=0x000001288f800000
R12=0x000000000000000c, R13=0xaaaaaaaaaaaaaaab, R14=0x0000000000000000, R15=0x0000001ebb0ff960
RIP=0x00007ffa47a05039, EFLAGS=0x0000000000010206

Top of Stack: (sp=0x0000001ebb0ff790)
0x0000001ebb0ff790:   0000000085710748 0000001ebb0ff988
0x0000001ebb0ff7a0:   000000010011f3a0 00007ffa47a04f66
0x0000001ebb0ff7b0:   00000128fb9f7a01 00007ffa47a04f66
0x0000001ebb0ff7c0:   0000001ebb0ff988 0000001ebb0ff988
0x0000001ebb0ff7d0:   00000128fb9fa0a0 0000001ebb0ff988
0x0000001ebb0ff7e0:   0000000000000000 00007ffa479fcdcd
0x0000001ebb0ff7f0:   000000008573c550 00007ffa479fe20d
0x0000001ebb0ff800:   000000008573c520 000000008573c534
0x0000001ebb0ff810:   0000001ebb0ff960 00000128fb9f7a01
0x0000001ebb0ff820:   0000000100013390 00007ffa479fc681
0x0000001ebb0ff830:   0000000000000006 000000008573c520
0x0000001ebb0ff840:   000000008573c4e8 0000000000000000
0x0000001ebb0ff850:   000000008573c520 00007ffa47a0ac0f
0x0000001ebb0ff860:   00000128fb9fa0a0 0000000000b00000
0x0000001ebb0ff870:   0000001ebb0ff960 0000000000000000
0x0000001ebb0ff880:   000000008573c520 00007ffa47a0ca5b 

Instructions: (pc=0x00007ffa47a05039)
0x00007ffa47a04f39:   00 00 00 00 48 8b fa 4c 8b ca 49 8b 42 08 8b 53
0x00007ffa47a04f49:   10 8b 88 c0 02 00 00 48 8b 80 b0 02 00 00 49 d3
0x00007ffa47a04f59:   e8 49 8b ca 4e 8b 04 c0 e8 ba 00 00 00 84 c0 75
0x00007ffa47a04f69:   0b 48 8b 5c 24 48 48 83 c4 30 5f c3 48 8b 43 20
0x00007ffa47a04f79:   48 8b 88 d8 02 00 00 48 8b 83 98 00 00 00 48 85
0x00007ffa47a04f89:   c0 74 0e 48 3b f8 72 0e 48 3b bb a0 00 00 00 72
0x00007ffa47a04f99:   77 48 3b f9 73 72 80 3d 33 32 74 00 00 74 15 8b
0x00007ffa47a04fa9:   47 08 8b 0d 67 9e 6f 00 48 d3 e0 48 03 05 55 9e
0x00007ffa47a04fb9:   6f 00 eb 04 48 8b 47 08 81 78 08 00 00 00 c0 72
0x00007ffa47a04fc9:   35 48 8b 83 b0 00 00 00 48 39 83 a8 00 00 00 73
0x00007ffa47a04fd9:   10 48 8b 83 c8 00 00 00 48 39 83 c0 00 00 00 72
0x00007ffa47a04fe9:   27 48 8b cb e8 0e a5 00 00 b0 01 48 8b 5c 24 48
0x00007ffa47a04ff9:   48 83 c4 30 5f c3 48 8d 54 24 40 48 89 7c 24 40
0x00007ffa47a05009:   48 8b cb e8 6f 19 00 00 b0 01 48 8b 5c 24 48 48
0x00007ffa47a05019:   83 c4 30 5f c3 cc cc 48 89 5c 24 18 48 89 6c 24
0x00007ffa47a05029:   20 41 56 48 83 ec 20 49 8b d9 44 8b f2 48 8b e9
0x00007ffa47a05039:   4d 3b 88 60 01 00 00 72 13 32 c0 48 8b 5c 24 40
0x00007ffa47a05049:   48 8b 6c 24 48 48 83 c4 20 41 5e c3 48 8b 81 90
0x00007ffa47a05059:   00 00 00 48 8b d3 48 89 74 24 30 48 2b 10 8b 48
0x00007ffa47a05069:   10 48 c1 ea 03 48 d3 ea 48 8d 48 18 e8 b6 e0 e2
0x00007ffa47a05079:   ff 0f b6 f0 84 c0 74 6f 48 89 7c 24 38 48 8b 7c
0x00007ffa47a05089:   24 50 48 85 ff 75 2d 40 38 3d 42 31 74 00 74 15
0x00007ffa47a05099:   8b 53 08 8b 0d 76 9d 6f 00 48 d3 e2 48 03 15 64
0x00007ffa47a050a9:   9d 6f 00 eb 04 48 8b 53 08 48 8b cb e8 86 d2 ea
0x00007ffa47a050b9:   ff 48 63 f8 48 8b 85 f0 02 00 00 8b 0d c6 38 74
0x00007ffa47a050c9:   00 4a 8b 14 f0 48 8b 42 18 48 8b 40 10 48 2b d8
0x00007ffa47a050d9:   48 d3 eb 48 8d 4a 38 8b d3 e8 b9 e4 ff ff 48 01
0x00007ffa47a050e9:   78 08 48 8b 7c 24 38 48 8b 5c 24 40 40 0f b6 c6
0x00007ffa47a050f9:   48 8b 74 24 30 48 8b 6c 24 48 48 83 c4 20 41 5e
0x00007ffa47a05109:   c3 cc cc cc cc cc cc 4c 8b 81 b8 02 00 00 48 8b
0x00007ffa47a05119:   81 a8 02 00 00 8b 91 c0 02 00 00 49 03 c0 8b ca
0x00007ffa47a05129:   48 d3 e0 49 d3 e0 49 2b c0 48 83 e0 f8 c3 cc cc 


Stack slot to memory mapping:
stack at sp + 0 slots: 0x0000000085710748 is an oop: java.lang.String 
{0x0000000085710748} - klass: 'java/lang/String'
stack at sp + 1 slots: 0x0000001ebb0ff988 points into unknown readable memory: 0x00007ffa47f695c0 | c0 95 f6 47 fa 7f 00 00
stack at sp + 2 slots: 0x000000010011f3a0 is a pointer to class: 
com.google.common.collect.SingletonImmutableSet {0x000000010011f3a8}
stack at sp + 3 slots: 0x00007ffa47a04f66 jvm.dll
stack at sp + 4 slots: 0x00000128fb9f7a01 points into unknown readable memory: 00 00 00 00 00 00 00
stack at sp + 5 slots: 0x00007ffa47a04f66 jvm.dll
stack at sp + 6 slots: 0x0000001ebb0ff988 points into unknown readable memory: 0x00007ffa47f695c0 | c0 95 f6 47 fa 7f 00 00
stack at sp + 7 slots: 0x0000001ebb0ff988 points into unknown readable memory: 0x00007ffa47f695c0 | c0 95 f6 47 fa 7f 00 00


---------------  P R O C E S S  ---------------

Threads class SMR info:
_java_thread_list=0x0000012897f571d0, length=91, elements={
0x00000128fb9ab800, 0x0000012895ded800, 0x0000012895df1800, 0x0000012895e08800,
0x0000012895e09800, 0x0000012895e0d800, 0x0000012895e17000, 0x0000012895e1d800,
0x0000012895e1e000, 0x00000128968c4800, 0x0000012898859000, 0x0000012898a72800,
0x0000012899299000, 0x0000012897c30800, 0x0000012898a33800, 0x0000012897d75000,
0x0000012897722800, 0x00000128990e9800, 0x0000012899717000, 0x0000012898c60800,
0x00000128988c1000, 0x00000128988bd800, 0x00000128988c2800, 0x00000128988bc800,
0x00000128988be800, 0x00000128988c1800, 0x00000128988bf000, 0x00000128988c0000,
0x00000128988c3000, 0x000001289942c800, 0x000001289942a800, 0x000001289942b000,
0x000001289942d800, 0x0000012899429800, 0x000001289942f000, 0x0000012899431000,
0x0000012899430000, 0x0000012899434000, 0x0000012899432800, 0x0000012899431800,
0x0000012899433800, 0x000001289942e800, 0x0000012899435000, 0x0000012899435800,
0x0000012899436800, 0x0000012899437800, 0x0000012898df2000, 0x0000012898df3000,
0x0000012898df3800, 0x0000012898df5800, 0x0000012898df4800, 0x0000012898df6000,
0x0000012898df7000, 0x0000012898df1000, 0x0000012898dfd800, 0x0000012898dfa000,
0x0000012898dfb000, 0x0000012898dfc800, 0x0000012898dfc000, 0x0000012898df7800,
0x0000012898dfe800, 0x0000012898df9800, 0x0000012898df8800, 0x0000012898e00000,
0x0000012898dff000, 0x00000128995ec000, 0x00000128995ee000, 0x00000128995ed000,
0x00000128995ea800, 0x00000128995ee800, 0x00000128995eb800, 0x00000128995e9000,
0x00000128995ef800, 0x00000128995e9800, 0x00000128995f1000, 0x00000128995f2000,
0x00000128995f6000, 0x00000128995f5000, 0x00000128995f0800, 0x00000128995f2800,
0x00000128995f3800, 0x00000128995f7000, 0x00000128995f7800, 0x00000128995f4800,
0x00000128a0c3c000, 0x00000128a0c3d000, 0x00000128a0c3d800, 0x00000128a0c39800,
0x00000128a0c38000, 0x00000128a0c3e800, 0x00000128a0c38800
}

Java Threads: ( => current thread )
  0x00000128fb9ab800 JavaThread "main" [_thread_blocked, id=7708, stack(0x0000001ebad00000,0x0000001ebae00000)]
  0x0000012895ded800 JavaThread "Reference Handler" daemon [_thread_blocked, id=7636, stack(0x0000001ebb400000,0x0000001ebb500000)]
  0x0000012895df1800 JavaThread "Finalizer" daemon [_thread_blocked, id=3200, stack(0x0000001ebb500000,0x0000001ebb600000)]
  0x0000012895e08800 JavaThread "Signal Dispatcher" daemon [_thread_blocked, id=11388, stack(0x0000001ebb600000,0x0000001ebb700000)]
  0x0000012895e09800 JavaThread "Attach Listener" daemon [_thread_blocked, id=8680, stack(0x0000001ebb700000,0x0000001ebb800000)]
  0x0000012895e0d800 JavaThread "Service Thread" daemon [_thread_blocked, id=9848, stack(0x0000001ebb800000,0x0000001ebb900000)]
  0x0000012895e17000 JavaThread "C2 CompilerThread0" daemon [_thread_blocked, id=2548, stack(0x0000001ebb900000,0x0000001ebba00000)]
  0x0000012895e1d800 JavaThread "C1 CompilerThread0" daemon [_thread_blocked, id=2576, stack(0x0000001ebba00000,0x0000001ebbb00000)]
  0x0000012895e1e000 JavaThread "Sweeper thread" daemon [_thread_blocked, id=11940, stack(0x0000001ebbb00000,0x0000001ebbc00000)]
  0x00000128968c4800 JavaThread "Common-Cleaner" daemon [_thread_blocked, id=7908, stack(0x0000001ebbc00000,0x0000001ebbd00000)]
  0x0000012898859000 JavaThread "Daemon health stats" [_thread_blocked, id=10848, stack(0x0000001ebc100000,0x0000001ebc200000)]
  0x0000012898a72800 JavaThread "Incoming local TCP Connector on port 55723" [_thread_in_native, id=5828, stack(0x0000001ebc200000,0x0000001ebc300000)]
  0x0000012899299000 JavaThread "Daemon periodic checks" [_thread_blocked, id=1748, stack(0x0000001ebc300000,0x0000001ebc400000)]
  0x0000012897c30800 JavaThread "Daemon" [_thread_blocked, id=6324, stack(0x0000001ebc400000,0x0000001ebc500000)]
  0x0000012898a33800 JavaThread "Handler for socket connection from /127.0.0.1:55723 to /127.0.0.1:55724" [_thread_in_native, id=4800, stack(0x0000001ebc500000,0x0000001ebc600000)]
  0x0000012897d75000 JavaThread "Cancel handler" [_thread_blocked, id=9920, stack(0x0000001ebc700000,0x0000001ebc800000)]
  0x0000012897722800 JavaThread "Daemon worker" [_thread_blocked, id=11968, stack(0x0000001ebc800000,0x0000001ebc900000)]
  0x00000128990e9800 JavaThread "Asynchronous log dispatcher for DefaultDaemonConnection: socket connection from /127.0.0.1:55723 to /127.0.0.1:55724" [_thread_blocked, id=11624, stack(0x0000001ebc900000,0x0000001ebca00000)]
  0x0000012899717000 JavaThread "Stdin handler" [_thread_blocked, id=3048, stack(0x0000001ebca00000,0x0000001ebcb00000)]
  0x0000012898c60800 JavaThread "Daemon client event forwarder" [_thread_blocked, id=2988, stack(0x0000001ebcb00000,0x0000001ebcc00000)]
  0x00000128988c1000 JavaThread "Cache worker for journal cache (C:\Users\Nail\.gradle\caches\journal-1)" [_thread_blocked, id=8468, stack(0x0000001ebcc00000,0x0000001ebcd00000)]
  0x00000128988bd800 JavaThread "File lock request listener" [_thread_in_native, id=9236, stack(0x0000001ebcd00000,0x0000001ebce00000)]
  0x00000128988c2800 JavaThread "Cache worker for file hash cache (C:\Users\Nail\.gradle\caches\7.4\fileHashes)" [_thread_blocked, id=312, stack(0x0000001ebce00000,0x0000001ebcf00000)]
  0x00000128988bc800 JavaThread "File watcher server" daemon [_thread_in_native, id=7620, stack(0x0000001ebcf00000,0x0000001ebd000000)]
  0x00000128988be800 JavaThread "File watcher consumer" daemon [_thread_blocked, id=2276, stack(0x0000001ebd000000,0x0000001ebd100000)]
  0x00000128988c1800 JavaThread "Cache worker for checksums cache (C:\Users\Nail\AndroidStudioProjects\MyinstagramApplication\.gradle\7.4\checksums)" [_thread_blocked, id=11592, stack(0x0000001ebbe00000,0x0000001ebbf00000)]
  0x00000128988bf000 JavaThread "Cache worker for cache directory md-rule (C:\Users\Nail\.gradle\caches\7.4\md-rule)" [_thread_blocked, id=11584, stack(0x0000001ebd100000,0x0000001ebd200000)]
  0x00000128988c0000 JavaThread "Cache worker for file hash cache (C:\Users\Nail\AndroidStudioProjects\MyinstagramApplication\.gradle\7.4\fileHashes)" [_thread_blocked, id=7892, stack(0x0000001ebd200000,0x0000001ebd300000)]
  0x00000128988c3000 JavaThread "Cache worker for cache directory md-supplier (C:\Users\Nail\.gradle\caches\7.4\md-supplier)" [_thread_blocked, id=11904, stack(0x0000001ebd300000,0x0000001ebd400000)]
  0x000001289942c800 JavaThread "Cache worker for execution history cache (C:\Users\Nail\.gradle\caches\7.4\executionHistory)" [_thread_blocked, id=4560, stack(0x0000001ebd500000,0x0000001ebd600000)]
  0x000001289942a800 JavaThread "jar transforms" [_thread_blocked, id=9100, stack(0x0000001ebd600000,0x0000001ebd700000)]
  0x000001289942b000 JavaThread "Cache worker for file content cache (C:\Users\Nail\.gradle\caches\7.4\fileContent)" [_thread_blocked, id=10488, stack(0x0000001ebd700000,0x0000001ebd800000)]
  0x000001289942d800 JavaThread "jar transforms Thread 2" [_thread_blocked, id=420, stack(0x0000001ebd800000,0x0000001ebd900000)]
  0x0000012899429800 JavaThread "Cache worker for dependencies-accessors (C:\Users\Nail\AndroidStudioProjects\MyinstagramApplication\.gradle\7.4\dependencies-accessors)" [_thread_blocked, id=1340, stack(0x0000001ebd900000,0x0000001ebda00000)]
  0x000001289942f000 JavaThread "jar transforms Thread 3" [_thread_blocked, id=5164, stack(0x0000001ebda00000,0x0000001ebdb00000)]
  0x0000012899431000 JavaThread "Cache worker for Build Output Cleanup Cache (C:\Users\Nail\AndroidStudioProjects\MyinstagramApplication\.gradle\buildOutputCleanup)" [_thread_blocked, id=108, stack(0x0000001ebdb00000,0x0000001ebdc00000)]
  0x0000012899430000 JavaThread "Unconstrained build operations" [_thread_blocked, id=4496, stack(0x0000001ebdc00000,0x0000001ebdd00000)]
  0x0000012899434000 JavaThread "Unconstrained build operations Thread 2" [_thread_blocked, id=1816, stack(0x0000001ebdd00000,0x0000001ebde00000)]
  0x0000012899432800 JavaThread "Unconstrained build operations Thread 3" [_thread_blocked, id=9168, stack(0x0000001ebde00000,0x0000001ebdf00000)]
  0x0000012899431800 JavaThread "Unconstrained build operations Thread 4" [_thread_blocked, id=8980, stack(0x0000001ebdf00000,0x0000001ebe000000)]
  0x0000012899433800 JavaThread "Unconstrained build operations Thread 5" [_thread_blocked, id=11004, stack(0x0000001ebe000000,0x0000001ebe100000)]
  0x000001289942e800 JavaThread "Unconstrained build operations Thread 6" [_thread_blocked, id=9072, stack(0x0000001ebe100000,0x0000001ebe200000)]
  0x0000012899435000 JavaThread "Unconstrained build operations Thread 7" [_thread_blocked, id=11820, stack(0x0000001ebe200000,0x0000001ebe300000)]
  0x0000012899435800 JavaThread "Unconstrained build operations Thread 8" [_thread_blocked, id=7800, stack(0x0000001ebe300000,0x0000001ebe400000)]
  0x0000012899436800 JavaThread "Unconstrained build operations Thread 9" [_thread_blocked, id=2836, stack(0x0000001ebe400000,0x0000001ebe500000)]
  0x0000012899437800 JavaThread "Unconstrained build operations Thread 10" [_thread_blocked, id=10120, stack(0x0000001ebe500000,0x0000001ebe600000)]
  0x0000012898df2000 JavaThread "Unconstrained build operations Thread 11" [_thread_blocked, id=7412, stack(0x0000001ebe600000,0x0000001ebe700000)]
  0x0000012898df3000 JavaThread "Unconstrained build operations Thread 12" [_thread_blocked, id=5240, stack(0x0000001ebe700000,0x0000001ebe800000)]
  0x0000012898df3800 JavaThread "Unconstrained build operations Thread 13" [_thread_blocked, id=8508, stack(0x0000001ebe800000,0x0000001ebe900000)]
  0x0000012898df5800 JavaThread "Unconstrained build operations Thread 14" [_thread_blocked, id=3856, stack(0x0000001ebe900000,0x0000001ebea00000)]
  0x0000012898df4800 JavaThread "Unconstrained build operations Thread 15" [_thread_blocked, id=6880, stack(0x0000001ebea00000,0x0000001ebeb00000)]
  0x0000012898df6000 JavaThread "Unconstrained build operations Thread 16" [_thread_blocked, id=1508, stack(0x0000001ebeb00000,0x0000001ebec00000)]
  0x0000012898df7000 JavaThread "Unconstrained build operations Thread 17" [_thread_blocked, id=11576, stack(0x0000001ebec00000,0x0000001ebed00000)]
  0x0000012898df1000 JavaThread "Unconstrained build operations Thread 18" [_thread_blocked, id=3772, stack(0x0000001ebed00000,0x0000001ebee00000)]
  0x0000012898dfd800 JavaThread "Unconstrained build operations Thread 19" [_thread_blocked, id=2956, stack(0x0000001ebee00000,0x0000001ebef00000)]
  0x0000012898dfa000 JavaThread "Unconstrained build operations Thread 20" [_thread_blocked, id=8520, stack(0x0000001ebef00000,0x0000001ebf000000)]
  0x0000012898dfb000 JavaThread "Unconstrained build operations Thread 21" [_thread_blocked, id=1860, stack(0x0000001ebf000000,0x0000001ebf100000)]
  0x0000012898dfc800 JavaThread "Unconstrained build operations Thread 22" [_thread_blocked, id=5756, stack(0x0000001ebf100000,0x0000001ebf200000)]
  0x0000012898dfc000 JavaThread "Unconstrained build operations Thread 23" [_thread_blocked, id=3720, stack(0x0000001ebf200000,0x0000001ebf300000)]
  0x0000012898df7800 JavaThread "Unconstrained build operations Thread 24" [_thread_blocked, id=2128, stack(0x0000001ebf300000,0x0000001ebf400000)]
  0x0000012898dfe800 JavaThread "Unconstrained build operations Thread 25" [_thread_blocked, id=8992, stack(0x0000001ebf400000,0x0000001ebf500000)]
  0x0000012898df9800 JavaThread "Unconstrained build operations Thread 26" [_thread_blocked, id=11096, stack(0x0000001ebf500000,0x0000001ebf600000)]
  0x0000012898df8800 JavaThread "Unconstrained build operations Thread 27" [_thread_blocked, id=10548, stack(0x0000001ebf600000,0x0000001ebf700000)]
  0x0000012898e00000 JavaThread "Unconstrained build operations Thread 28" [_thread_blocked, id=11844, stack(0x0000001ebf700000,0x0000001ebf800000)]
  0x0000012898dff000 JavaThread "Unconstrained build operations Thread 29" [_thread_blocked, id=8616, stack(0x0000001ebf800000,0x0000001ebf900000)]
  0x00000128995ec000 JavaThread "Unconstrained build operations Thread 30" [_thread_blocked, id=7396, stack(0x0000001ebf900000,0x0000001ebfa00000)]
  0x00000128995ee000 JavaThread "Unconstrained build operations Thread 31" [_thread_blocked, id=11740, stack(0x0000001ebfa00000,0x0000001ebfb00000)]
  0x00000128995ed000 JavaThread "Unconstrained build operations Thread 32" [_thread_blocked, id=6272, stack(0x0000001ebfb00000,0x0000001ebfc00000)]
  0x00000128995ea800 JavaThread "Unconstrained build operations Thread 33" [_thread_blocked, id=8448, stack(0x0000001ebfc00000,0x0000001ebfd00000)]
  0x00000128995ee800 JavaThread "Unconstrained build operations Thread 34" [_thread_blocked, id=4436, stack(0x0000001ebfd00000,0x0000001ebfe00000)]
  0x00000128995eb800 JavaThread "Unconstrained build operations Thread 35" [_thread_blocked, id=5476, stack(0x0000001ebfe00000,0x0000001ebff00000)]
  0x00000128995e9000 JavaThread "Unconstrained build operations Thread 36" [_thread_blocked, id=1544, stack(0x0000001ebff00000,0x0000001ec0000000)]
  0x00000128995ef800 JavaThread "Unconstrained build operations Thread 37" [_thread_blocked, id=8248, stack(0x0000001ec0000000,0x0000001ec0100000)]
  0x00000128995e9800 JavaThread "Unconstrained build operations Thread 38" [_thread_blocked, id=12160, stack(0x0000001ec0100000,0x0000001ec0200000)]
  0x00000128995f1000 JavaThread "Unconstrained build operations Thread 39" [_thread_blocked, id=6572, stack(0x0000001ec0200000,0x0000001ec0300000)]
  0x00000128995f2000 JavaThread "Unconstrained build operations Thread 40" [_thread_blocked, id=9648, stack(0x0000001ec0300000,0x0000001ec0400000)]
  0x00000128995f6000 JavaThread "jar transforms Thread 4" [_thread_blocked, id=1936, stack(0x0000001ec0400000,0x0000001ec0500000)]
  0x00000128995f5000 JavaThread "Memory manager" [_thread_blocked, id=1036, stack(0x0000001ec0500000,0x0000001ec0600000)]
  0x00000128995f0800 JavaThread "build event listener" [_thread_blocked, id=2900, stack(0x0000001ec0600000,0x0000001ec0700000)]
  0x00000128995f2800 JavaThread "pool-3-thread-1" [_thread_blocked, id=2152, stack(0x0000001ec0700000,0x0000001ec0800000)]
  0x00000128995f3800 JavaThread "build event listener" [_thread_blocked, id=10960, stack(0x0000001ec0800000,0x0000001ec0900000)]
  0x00000128995f7000 JavaThread "included builds" [_thread_in_native, id=4748, stack(0x0000001ec0900000,0x0000001ec0a00000)]
  0x00000128995f7800 JavaThread "Execution worker for ':'" [_thread_blocked, id=10088, stack(0x0000001ec0a00000,0x0000001ec0b00000)]
  0x00000128995f4800 JavaThread "Execution worker for ':' Thread 2" [_thread_blocked, id=1744, stack(0x0000001ec0b00000,0x0000001ec0c00000)]
  0x00000128a0c3c000 JavaThread "Execution worker for ':' Thread 3" [_thread_blocked, id=2396, stack(0x0000001ec0c00000,0x0000001ec0d00000)]
  0x00000128a0c3d000 JavaThread "Cache worker for execution history cache (C:\Users\Nail\AndroidStudioProjects\MyinstagramApplication\.gradle\7.4\executionHistory)" [_thread_blocked, id=7644, stack(0x0000001ec0d00000,0x0000001ec0e00000)]
  0x00000128a0c3d800 JavaThread "Cache worker for Java compile cache (C:\Users\Nail\.gradle\caches\7.4\javaCompile)" [_thread_blocked, id=2828, stack(0x0000001ec0f00000,0x0000001ec1000000)]
  0x00000128a0c39800 JavaThread "Build operations" [_thread_blocked, id=11140, stack(0x0000001ec1100000,0x0000001ec1200000)]
  0x00000128a0c38000 JavaThread "Build operations Thread 2" [_thread_blocked, id=720, stack(0x0000001ec1200000,0x0000001ec1300000)]
  0x00000128a0c3e800 JavaThread "Build operations Thread 3" [_thread_blocked, id=6172, stack(0x0000001ec1300000,0x0000001ec1400000)]
  0x00000128a0c38800 JavaThread "Build operations Thread 4" [_thread_blocked, id=4452, stack(0x0000001ec1400000,0x0000001ec1500000)]

Other Threads:
  0x0000012895de9000 VMThread "VM Thread" [stack: 0x0000001ebb300000,0x0000001ebb400000] [id=6948]
  0x00000128968f6000 WatcherThread [stack: 0x0000001ebbd00000,0x0000001ebbe00000] [id=8088]
  0x00000128fb9c5000 GCTaskThread "GC Thread#0" [stack: 0x0000001ebae00000,0x0000001ebaf00000] [id=3044]
  0x0000012896eb7000 GCTaskThread "GC Thread#1" [stack: 0x0000001ebbf00000,0x0000001ebc000000] [id=1332]
  0x0000012896b0d000 GCTaskThread "GC Thread#2" [stack: 0x0000001ebc000000,0x0000001ebc100000] [id=8936]
  0x00000128988b3800 GCTaskThread "GC Thread#3" [stack: 0x0000001ebc600000,0x0000001ebc700000] [id=12064]
  0x00000128fb9f5000 ConcurrentGCThread "G1 Main Marker" [stack: 0x0000001ebaf00000,0x0000001ebb000000] [id=11100]
=>0x00000128fb9f7000 ConcurrentGCThread "G1 Conc#0" [stack: 0x0000001ebb000000,0x0000001ebb100000] [id=6908]
  0x00000128fba86800 ConcurrentGCThread "G1 Refine#0" [stack: 0x0000001ebb100000,0x0000001ebb200000] [id=7836]
  0x00000128fba87800 ConcurrentGCThread "G1 Young RemSet Sampling" [stack: 0x0000001ebb200000,0x0000001ebb300000] [id=9568]

Threads with active compile tasks:

VM state:not at safepoint (normal execution)

VM Mutex/Monitor currently owned by a thread: None

Heap address: 0x0000000080000000, size: 2048 MB, Compressed Oops mode: 32-bit
Narrow klass base: 0x0000000000000000, Narrow klass shift: 3
Compressed class space size: 1073741824 Address: 0x0000000100000000

Heap:
 garbage-first heap   total 189440K, used 109031K [0x0000000080000000, 0x0000000100000000)
  region size 1024K, 12 young (12288K), 3 survivors (3072K)
 Metaspace       used 94633K, capacity 97128K, committed 97372K, reserved 1134592K
  class space    used 12054K, capacity 12981K, committed 13088K, reserved 1048576K
Heap Regions: E=young(eden), S=young(survivor), O=old, HS=humongous(starts), HC=humongous(continues), CS=collection set, F=free, A=archive, TAMS=top-at-mark-start (previous, next)
|   0|0x0000000080000000, 0x0000000080100000, 0x0000000080100000|100%|HS|  |TAMS 0x0000000080100000, 0x0000000080100000| Complete 
|   1|0x0000000080100000, 0x0000000080200000, 0x0000000080200000|100%|HC|  |TAMS 0x0000000080200000, 0x0000000080200000| Complete 
|   2|0x0000000080200000, 0x0000000080300000, 0x0000000080300000|100%|HC|  |TAMS 0x0000000080300000, 0x0000000080300000| Complete 
|   3|0x0000000080300000, 0x0000000080400000, 0x0000000080400000|100%| O|  |TAMS 0x0000000080400000, 0x0000000080400000| Untracked 
|   4|0x0000000080400000, 0x0000000080500000, 0x0000000080500000|100%| O|  |TAMS 0x0000000080500000, 0x0000000080500000| Untracked 
|   5|0x0000000080500000, 0x0000000080600000, 0x0000000080600000|100%| O|  |TAMS 0x0000000080600000, 0x0000000080600000| Untracked 
|   6|0x0000000080600000, 0x0000000080700000, 0x0000000080700000|100%| O|  |TAMS 0x0000000080700000, 0x0000000080700000| Untracked 
|   7|0x0000000080700000, 0x0000000080800000, 0x0000000080800000|100%| O|  |TAMS 0x0000000080800000, 0x0000000080800000| Untracked 
|   8|0x0000000080800000, 0x0000000080900000, 0x0000000080900000|100%| O|  |TAMS 0x0000000080900000, 0x0000000080900000| Untracked 
|   9|0x0000000080900000, 0x0000000080a00000, 0x0000000080a00000|100%| O|  |TAMS 0x0000000080a00000, 0x0000000080a00000| Untracked 
|  10|0x0000000080a00000, 0x0000000080b00000, 0x0000000080b00000|100%| O|  |TAMS 0x0000000080b00000, 0x0000000080b00000| Untracked 
|  11|0x0000000080b00000, 0x0000000080c00000, 0x0000000080c00000|100%| O|  |TAMS 0x0000000080c00000, 0x0000000080c00000| Untracked 
|  12|0x0000000080c00000, 0x0000000080d00000, 0x0000000080d00000|100%| O|  |TAMS 0x0000000080d00000, 0x0000000080d00000| Untracked 
|  13|0x0000000080d00000, 0x0000000080e00000, 0x0000000080e00000|100%| O|  |TAMS 0x0000000080e00000, 0x0000000080e00000| Untracked 
|  14|0x0000000080e00000, 0x0000000080f00000, 0x0000000080f00000|100%| O|  |TAMS 0x0000000080f00000, 0x0000000080f00000| Untracked 
|  15|0x0000000080f00000, 0x0000000081000000, 0x0000000081000000|100%| O|  |TAMS 0x0000000081000000, 0x0000000081000000| Untracked 
|  16|0x0000000081000000, 0x0000000081100000, 0x0000000081100000|100%| O|  |TAMS 0x0000000081100000, 0x0000000081100000| Untracked 
|  17|0x0000000081100000, 0x0000000081200000, 0x0000000081200000|100%| O|  |TAMS 0x0000000081200000, 0x0000000081200000| Untracked 
|  18|0x0000000081200000, 0x0000000081300000, 0x0000000081300000|100%| O|  |TAMS 0x0000000081300000, 0x0000000081300000| Untracked 
|  19|0x0000000081300000, 0x0000000081400000, 0x0000000081400000|100%|HS|  |TAMS 0x0000000081400000, 0x0000000081400000| Complete 
|  20|0x0000000081400000, 0x0000000081500000, 0x0000000081500000|100%| O|  |TAMS 0x0000000081500000, 0x0000000081500000| Untracked 
|  21|0x0000000081500000, 0x0000000081600000, 0x0000000081600000|100%| O|  |TAMS 0x0000000081600000, 0x0000000081600000| Untracked 
|  22|0x0000000081600000, 0x0000000081700000, 0x0000000081700000|100%| O|  |TAMS 0x0000000081700000, 0x0000000081700000| Untracked 
|  23|0x0000000081700000, 0x0000000081800000, 0x0000000081800000|100%| O|  |TAMS 0x0000000081800000, 0x0000000081800000| Untracked 
|  24|0x0000000081800000, 0x0000000081900000, 0x0000000081900000|100%| O|  |TAMS 0x0000000081900000, 0x0000000081900000| Untracked 
|  25|0x0000000081900000, 0x0000000081a00000, 0x0000000081a00000|100%| O|  |TAMS 0x0000000081a00000, 0x0000000081a00000| Untracked 
|  26|0x0000000081a00000, 0x0000000081b00000, 0x0000000081b00000|100%| O|  |TAMS 0x0000000081b00000, 0x0000000081b00000| Untracked 
|  27|0x0000000081b00000, 0x0000000081c00000, 0x0000000081c00000|100%| O|  |TAMS 0x0000000081c00000, 0x0000000081c00000| Untracked 
|  28|0x0000000081c00000, 0x0000000081d00000, 0x0000000081d00000|100%|HS|  |TAMS 0x0000000081d00000, 0x0000000081d00000| Complete 
|  29|0x0000000081d00000, 0x0000000081e00000, 0x0000000081e00000|100%| O|  |TAMS 0x0000000081e00000, 0x0000000081e00000| Untracked 
|  30|0x0000000081e00000, 0x0000000081f00000, 0x0000000081f00000|100%|HS|  |TAMS 0x0000000081f00000, 0x0000000081f00000| Complete 
|  31|0x0000000081f00000, 0x0000000082000000, 0x0000000082000000|100%|HC|  |TAMS 0x0000000082000000, 0x0000000082000000| Complete 
|  32|0x0000000082000000, 0x0000000082100000, 0x0000000082100000|100%| O|  |TAMS 0x0000000082100000, 0x0000000082100000| Untracked 
|  33|0x0000000082100000, 0x0000000082200000, 0x0000000082200000|100%| O|  |TAMS 0x0000000082200000, 0x0000000082200000| Untracked 
|  34|0x0000000082200000, 0x0000000082300000, 0x0000000082300000|100%| O|  |TAMS 0x0000000082300000, 0x0000000082300000| Untracked 
|  35|0x0000000082300000, 0x0000000082400000, 0x0000000082400000|100%| O|  |TAMS 0x0000000082400000, 0x0000000082400000| Untracked 
|  36|0x0000000082400000, 0x0000000082500000, 0x0000000082500000|100%| O|  |TAMS 0x0000000082500000, 0x0000000082500000| Untracked 
|  37|0x0000000082500000, 0x0000000082600000, 0x0000000082600000|100%| O|  |TAMS 0x0000000082600000, 0x0000000082600000| Untracked 
|  38|0x0000000082600000, 0x0000000082700000, 0x0000000082700000|100%| O|  |TAMS 0x0000000082700000, 0x0000000082700000| Untracked 
|  39|0x0000000082700000, 0x0000000082800000, 0x0000000082800000|100%| O|  |TAMS 0x0000000082800000, 0x0000000082800000| Untracked 
|  40|0x0000000082800000, 0x0000000082900000, 0x0000000082900000|100%| O|  |TAMS 0x0000000082900000, 0x0000000082900000| Untracked 
|  41|0x0000000082900000, 0x0000000082a00000, 0x0000000082a00000|100%| O|  |TAMS 0x0000000082a00000, 0x0000000082a00000| Untracked 
|  42|0x0000000082a00000, 0x0000000082b00000, 0x0000000082b00000|100%| O|  |TAMS 0x0000000082b00000, 0x0000000082b00000| Untracked 
|  43|0x0000000082b00000, 0x0000000082c00000, 0x0000000082c00000|100%| O|  |TAMS 0x0000000082b32400, 0x0000000082c00000| Untracked 
|  44|0x0000000082c00000, 0x0000000082d00000, 0x0000000082d00000|100%| O|  |TAMS 0x0000000082c00000, 0x0000000082d00000| Untracked 
|  45|0x0000000082d00000, 0x0000000082e00000, 0x0000000082e00000|100%| O|  |TAMS 0x0000000082d00000, 0x0000000082e00000| Untracked 
|  46|0x0000000082e00000, 0x0000000082f00000, 0x0000000082f00000|100%| O|  |TAMS 0x0000000082e00000, 0x0000000082f00000| Untracked 
|  47|0x0000000082f00000, 0x0000000083000000, 0x0000000083000000|100%| O|  |TAMS 0x0000000082f00000, 0x0000000083000000| Untracked 
|  48|0x0000000083000000, 0x0000000083100000, 0x0000000083100000|100%| O|  |TAMS 0x0000000083000000, 0x0000000083100000| Untracked 
|  49|0x0000000083100000, 0x0000000083200000, 0x0000000083200000|100%| O|  |TAMS 0x0000000083100000, 0x0000000083200000| Untracked 
|  50|0x0000000083200000, 0x0000000083300000, 0x0000000083300000|100%| O|  |TAMS 0x0000000083200000, 0x0000000083300000| Untracked 
|  51|0x0000000083300000, 0x0000000083400000, 0x0000000083400000|100%| O|  |TAMS 0x0000000083300000, 0x0000000083400000| Untracked 
|  52|0x0000000083400000, 0x0000000083500000, 0x0000000083500000|100%| O|  |TAMS 0x0000000083400000, 0x0000000083500000| Untracked 
|  53|0x0000000083500000, 0x0000000083600000, 0x0000000083600000|100%| O|  |TAMS 0x0000000083500000, 0x0000000083600000| Untracked 
|  54|0x0000000083600000, 0x0000000083700000, 0x0000000083700000|100%| O|  |TAMS 0x0000000083600000, 0x0000000083700000| Untracked 
|  55|0x0000000083700000, 0x0000000083800000, 0x0000000083800000|100%| O|  |TAMS 0x0000000083700000, 0x0000000083800000| Untracked 
|  56|0x0000000083800000, 0x0000000083900000, 0x0000000083900000|100%| O|  |TAMS 0x0000000083800000, 0x0000000083900000| Untracked 
|  57|0x0000000083900000, 0x0000000083a00000, 0x0000000083a00000|100%| O|  |TAMS 0x0000000083900000, 0x0000000083a00000| Untracked 
|  58|0x0000000083a00000, 0x0000000083b00000, 0x0000000083b00000|100%| O|  |TAMS 0x0000000083a00000, 0x0000000083b00000| Untracked 
|  59|0x0000000083b00000, 0x0000000083c00000, 0x0000000083c00000|100%| O|  |TAMS 0x0000000083b00000, 0x0000000083c00000| Untracked 
|  60|0x0000000083c00000, 0x0000000083d00000, 0x0000000083d00000|100%| O|  |TAMS 0x0000000083c00000, 0x0000000083d00000| Untracked 
|  61|0x0000000083d00000, 0x0000000083e00000, 0x0000000083e00000|100%| O|  |TAMS 0x0000000083d00000, 0x0000000083e00000| Untracked 
|  62|0x0000000083e00000, 0x0000000083f00000, 0x0000000083f00000|100%| O|  |TAMS 0x0000000083e00000, 0x0000000083f00000| Untracked 
|  63|0x0000000083f00000, 0x0000000084000000, 0x0000000084000000|100%| O|  |TAMS 0x0000000083f00000, 0x0000000084000000| Untracked 
|  64|0x0000000084000000, 0x0000000084100000, 0x0000000084100000|100%| O|  |TAMS 0x0000000084000000, 0x0000000084100000| Untracked 
|  65|0x0000000084100000, 0x0000000084200000, 0x0000000084200000|100%| O|  |TAMS 0x0000000084100000, 0x0000000084200000| Untracked 
|  66|0x0000000084200000, 0x0000000084300000, 0x0000000084300000|100%| O|  |TAMS 0x0000000084200000, 0x0000000084300000| Untracked 
|  67|0x0000000084300000, 0x0000000084400000, 0x0000000084400000|100%| O|  |TAMS 0x0000000084300000, 0x0000000084400000| Untracked 
|  68|0x0000000084400000, 0x0000000084500000, 0x0000000084500000|100%| O|  |TAMS 0x0000000084400000, 0x0000000084500000| Untracked 
|  69|0x0000000084500000, 0x0000000084600000, 0x0000000084600000|100%| O|  |TAMS 0x0000000084500000, 0x0000000084600000| Untracked 
|  70|0x0000000084600000, 0x0000000084700000, 0x0000000084700000|100%| O|  |TAMS 0x0000000084600000, 0x0000000084700000| Untracked 
|  71|0x0000000084700000, 0x0000000084800000, 0x0000000084800000|100%| O|  |TAMS 0x0000000084700000, 0x0000000084800000| Untracked 
|  72|0x0000000084800000, 0x0000000084900000, 0x0000000084900000|100%| O|  |TAMS 0x0000000084800000, 0x0000000084900000| Untracked 
|  73|0x0000000084900000, 0x0000000084a00000, 0x0000000084a00000|100%| O|  |TAMS 0x0000000084900000, 0x0000000084a00000| Untracked 
|  74|0x0000000084a00000, 0x0000000084b00000, 0x0000000084b00000|100%| O|  |TAMS 0x0000000084a00000, 0x0000000084b00000| Untracked 
|  75|0x0000000084b00000, 0x0000000084c00000, 0x0000000084c00000|100%| O|  |TAMS 0x0000000084b00000, 0x0000000084c00000| Untracked 
|  76|0x0000000084c00000, 0x0000000084d00000, 0x0000000084d00000|100%| O|  |TAMS 0x0000000084c00000, 0x0000000084d00000| Untracked 
|  77|0x0000000084d00000, 0x0000000084e00000, 0x0000000084e00000|100%| O|  |TAMS 0x0000000084d00000, 0x0000000084e00000| Untracked 
|  78|0x0000000084e00000, 0x0000000084f00000, 0x0000000084f00000|100%| O|  |TAMS 0x0000000084e00000, 0x0000000084f00000| Untracked 
|  79|0x0000000084f00000, 0x0000000085000000, 0x0000000085000000|100%| O|  |TAMS 0x0000000084f00000, 0x0000000085000000| Untracked 
|  80|0x0000000085000000, 0x0000000085100000, 0x0000000085100000|100%| O|  |TAMS 0x0000000085000000, 0x0000000085100000| Untracked 
|  81|0x0000000085100000, 0x0000000085200000, 0x0000000085200000|100%| O|  |TAMS 0x0000000085100000, 0x0000000085200000| Untracked 
|  82|0x0000000085200000, 0x0000000085300000, 0x0000000085300000|100%| O|  |TAMS 0x0000000085200000, 0x0000000085300000| Untracked 
|  83|0x0000000085300000, 0x0000000085400000, 0x0000000085400000|100%| O|  |TAMS 0x0000000085300000, 0x0000000085400000| Untracked 
|  84|0x0000000085400000, 0x0000000085500000, 0x0000000085500000|100%| O|  |TAMS 0x0000000085400000, 0x0000000085500000| Untracked 
|  85|0x0000000085500000, 0x0000000085600000, 0x0000000085600000|100%| O|  |TAMS 0x0000000085500000, 0x0000000085600000| Untracked 
|  86|0x0000000085600000, 0x0000000085700000, 0x0000000085700000|100%| O|  |TAMS 0x0000000085600000, 0x0000000085700000| Untracked 
|  87|0x0000000085700000, 0x0000000085800000, 0x0000000085800000|100%| O|  |TAMS 0x0000000085700000, 0x0000000085800000| Untracked 
|  88|0x0000000085800000, 0x0000000085900000, 0x0000000085900000|100%| O|  |TAMS 0x0000000085800000, 0x0000000085900000| Untracked 
|  89|0x0000000085900000, 0x0000000085a00000, 0x0000000085a00000|100%| O|  |TAMS 0x0000000085900000, 0x0000000085a00000| Untracked 
|  90|0x0000000085a00000, 0x0000000085b00000, 0x0000000085b00000|100%| O|  |TAMS 0x0000000085a00000, 0x0000000085b00000| Untracked 
|  91|0x0000000085b00000, 0x0000000085c00000, 0x0000000085c00000|100%| O|  |TAMS 0x0000000085b00000, 0x0000000085c00000| Untracked 
|  92|0x0000000085c00000, 0x0000000085d00000, 0x0000000085d00000|100%| O|  |TAMS 0x0000000085c00000, 0x0000000085d00000| Untracked 
|  93|0x0000000085d00000, 0x0000000085e00000, 0x0000000085e00000|100%| O|  |TAMS 0x0000000085d00000, 0x0000000085e00000| Untracked 
|  94|0x0000000085e00000, 0x0000000085f00000, 0x0000000085f00000|100%|HS|  |TAMS 0x0000000085e00000, 0x0000000085e00000| Complete 
|  95|0x0000000085f00000, 0x0000000086000000, 0x0000000086000000|100%|HC|  |TAMS 0x0000000085f00000, 0x0000000085f00000| Complete 
|  96|0x0000000086000000, 0x0000000086000000, 0x0000000086100000|  0%| F|  |TAMS 0x0000000086000000, 0x0000000086000000| Untracked 
|  97|0x0000000086100000, 0x0000000086100000, 0x0000000086200000|  0%| F|  |TAMS 0x0000000086100000, 0x0000000086100000| Untracked 
|  98|0x0000000086200000, 0x0000000086200000, 0x0000000086300000|  0%| F|  |TAMS 0x0000000086200000, 0x0000000086200000| Untracked 
|  99|0x0000000086300000, 0x0000000086300000, 0x0000000086400000|  0%| F|  |TAMS 0x0000000086300000, 0x0000000086300000| Untracked 
| 100|0x0000000086400000, 0x0000000086400000, 0x0000000086500000|  0%| F|  |TAMS 0x0000000086400000, 0x0000000086400000| Untracked 
| 101|0x0000000086500000, 0x0000000086500000, 0x0000000086600000|  0%| F|  |TAMS 0x0000000086500000, 0x0000000086500000| Untracked 
| 102|0x0000000086600000, 0x0000000086600000, 0x0000000086700000|  0%| F|  |TAMS 0x0000000086600000, 0x0000000086600000| Untracked 
| 103|0x0000000086700000, 0x0000000086700000, 0x0000000086800000|  0%| F|  |TAMS 0x0000000086700000, 0x0000000086700000| Untracked 
| 104|0x0000000086800000, 0x0000000086800000, 0x0000000086900000|  0%| F|  |TAMS 0x0000000086800000, 0x0000000086800000| Untracked 
| 105|0x0000000086900000, 0x0000000086900000, 0x0000000086a00000|  0%| F|  |TAMS 0x0000000086900000, 0x0000000086900000| Untracked 
| 106|0x0000000086a00000, 0x0000000086a00000, 0x0000000086b00000|  0%| F|  |TAMS 0x0000000086a00000, 0x0000000086a00000| Untracked 
| 107|0x0000000086b00000, 0x0000000086b00000, 0x0000000086c00000|  0%| F|  |TAMS 0x0000000086b00000, 0x0000000086b00000| Untracked 
| 108|0x0000000086c00000, 0x0000000086c00000, 0x0000000086d00000|  0%| F|  |TAMS 0x0000000086c00000, 0x0000000086c00000| Untracked 
| 109|0x0000000086d00000, 0x0000000086d00000, 0x0000000086e00000|  0%| F|  |TAMS 0x0000000086d00000, 0x0000000086d00000| Untracked 
| 110|0x0000000086e00000, 0x0000000086e00000, 0x0000000086f00000|  0%| F|  |TAMS 0x0000000086e00000, 0x0000000086e00000| Untracked 
| 111|0x0000000086f00000, 0x0000000086f00000, 0x0000000087000000|  0%| F|  |TAMS 0x0000000086f00000, 0x0000000086f00000| Untracked 
| 112|0x0000000087000000, 0x0000000087000000, 0x0000000087100000|  0%| F|  |TAMS 0x0000000087000000, 0x0000000087000000| Untracked 
| 113|0x0000000087100000, 0x0000000087100000, 0x0000000087200000|  0%| F|  |TAMS 0x0000000087100000, 0x0000000087100000| Untracked 
| 114|0x0000000087200000, 0x0000000087200000, 0x0000000087300000|  0%| F|  |TAMS 0x0000000087200000, 0x0000000087200000| Untracked 
| 115|0x0000000087300000, 0x0000000087300000, 0x0000000087400000|  0%| F|  |TAMS 0x0000000087300000, 0x0000000087300000| Untracked 
| 116|0x0000000087400000, 0x0000000087400000, 0x0000000087500000|  0%| F|  |TAMS 0x0000000087400000, 0x0000000087400000| Untracked 
| 117|0x0000000087500000, 0x0000000087500000, 0x0000000087600000|  0%| F|  |TAMS 0x0000000087500000, 0x0000000087500000| Untracked 
| 118|0x0000000087600000, 0x0000000087600000, 0x0000000087700000|  0%| F|  |TAMS 0x0000000087600000, 0x0000000087600000| Untracked 
| 119|0x0000000087700000, 0x0000000087700000, 0x0000000087800000|  0%| F|  |TAMS 0x0000000087700000, 0x0000000087700000| Untracked 
| 120|0x0000000087800000, 0x0000000087800000, 0x0000000087900000|  0%| F|  |TAMS 0x0000000087800000, 0x0000000087800000| Untracked 
| 121|0x0000000087900000, 0x0000000087900000, 0x0000000087a00000|  0%| F|  |TAMS 0x0000000087900000, 0x0000000087900000| Untracked 
| 122|0x0000000087a00000, 0x0000000087a00000, 0x0000000087b00000|  0%| F|  |TAMS 0x0000000087a00000, 0x0000000087a00000| Untracked 
| 123|0x0000000087b00000, 0x0000000087b00000, 0x0000000087c00000|  0%| F|  |TAMS 0x0000000087b00000, 0x0000000087b00000| Untracked 
| 124|0x0000000087c00000, 0x0000000087c00000, 0x0000000087d00000|  0%| F|  |TAMS 0x0000000087c00000, 0x0000000087c00000| Untracked 
| 125|0x0000000087d00000, 0x0000000087d00000, 0x0000000087e00000|  0%| F|  |TAMS 0x0000000087d00000, 0x0000000087d00000| Untracked 
| 126|0x0000000087e00000, 0x0000000087e00000, 0x0000000087f00000|  0%| F|  |TAMS 0x0000000087e00000, 0x0000000087e00000| Untracked 
| 127|0x0000000087f00000, 0x0000000087f00000, 0x0000000088000000|  0%| F|  |TAMS 0x0000000087f00000, 0x0000000087f00000| Untracked 
| 128|0x0000000088000000, 0x0000000088000000, 0x0000000088100000|  0%| F|  |TAMS 0x0000000088000000, 0x0000000088000000| Untracked 
| 129|0x0000000088100000, 0x0000000088100000, 0x0000000088200000|  0%| F|  |TAMS 0x0000000088100000, 0x0000000088100000| Untracked 
| 130|0x0000000088200000, 0x0000000088200000, 0x0000000088300000|  0%| F|  |TAMS 0x0000000088200000, 0x0000000088200000| Untracked 
| 131|0x0000000088300000, 0x0000000088300000, 0x0000000088400000|  0%| F|  |TAMS 0x0000000088300000, 0x0000000088300000| Untracked 
| 132|0x0000000088400000, 0x0000000088400000, 0x0000000088500000|  0%| F|  |TAMS 0x0000000088400000, 0x0000000088400000| Untracked 
| 133|0x0000000088500000, 0x0000000088500000, 0x0000000088600000|  0%| F|  |TAMS 0x0000000088500000, 0x0000000088500000| Untracked 
| 134|0x0000000088600000, 0x0000000088600000, 0x0000000088700000|  0%| F|  |TAMS 0x0000000088600000, 0x0000000088600000| Untracked 
| 135|0x0000000088700000, 0x0000000088700000, 0x0000000088800000|  0%| F|  |TAMS 0x0000000088700000, 0x0000000088700000| Untracked 
| 136|0x0000000088800000, 0x0000000088800000, 0x0000000088900000|  0%| F|  |TAMS 0x0000000088800000, 0x0000000088800000| Untracked 
| 137|0x0000000088900000, 0x0000000088900000, 0x0000000088a00000|  0%| F|  |TAMS 0x0000000088900000, 0x0000000088900000| Untracked 
| 138|0x0000000088a00000, 0x0000000088a00000, 0x0000000088b00000|  0%| F|  |TAMS 0x0000000088a00000, 0x0000000088a00000| Untracked 
| 139|0x0000000088b00000, 0x0000000088b00000, 0x0000000088c00000|  0%| F|  |TAMS 0x0000000088b00000, 0x0000000088b00000| Untracked 
| 140|0x0000000088c00000, 0x0000000088c00000, 0x0000000088d00000|  0%| F|  |TAMS 0x0000000088c00000, 0x0000000088c00000| Untracked 
| 141|0x0000000088d00000, 0x0000000088d00000, 0x0000000088e00000|  0%| F|  |TAMS 0x0000000088d00000, 0x0000000088d00000| Untracked 
| 142|0x0000000088e00000, 0x0000000088e00000, 0x0000000088f00000|  0%| F|  |TAMS 0x0000000088e00000, 0x0000000088e00000| Untracked 
| 143|0x0000000088f00000, 0x0000000088f00000, 0x0000000089000000|  0%| F|  |TAMS 0x0000000088f00000, 0x0000000088f00000| Untracked 
| 144|0x0000000089000000, 0x0000000089000000, 0x0000000089100000|  0%| F|  |TAMS 0x0000000089000000, 0x0000000089000000| Untracked 
| 145|0x0000000089100000, 0x0000000089100000, 0x0000000089200000|  0%| F|  |TAMS 0x0000000089100000, 0x0000000089100000| Untracked 
| 146|0x0000000089200000, 0x0000000089200000, 0x0000000089300000|  0%| F|  |TAMS 0x0000000089200000, 0x0000000089200000| Untracked 
| 147|0x0000000089300000, 0x0000000089300000, 0x0000000089400000|  0%| F|  |TAMS 0x0000000089300000, 0x0000000089300000| Untracked 
| 148|0x0000000089400000, 0x0000000089400000, 0x0000000089500000|  0%| F|  |TAMS 0x0000000089400000, 0x0000000089400000| Untracked 
| 149|0x0000000089500000, 0x0000000089500000, 0x0000000089600000|  0%| F|  |TAMS 0x0000000089500000, 0x0000000089500000| Untracked 
| 150|0x0000000089600000, 0x0000000089600000, 0x0000000089700000|  0%| F|  |TAMS 0x0000000089600000, 0x0000000089600000| Untracked 
| 151|0x0000000089700000, 0x0000000089700000, 0x0000000089800000|  0%| F|  |TAMS 0x0000000089700000, 0x0000000089700000| Untracked 
| 152|0x0000000089800000, 0x0000000089800000, 0x0000000089900000|  0%| F|  |TAMS 0x0000000089800000, 0x0000000089800000| Untracked 
| 153|0x0000000089900000, 0x0000000089900000, 0x0000000089a00000|  0%| F|  |TAMS 0x0000000089900000, 0x0000000089900000| Untracked 
| 154|0x0000000089a00000, 0x0000000089a00000, 0x0000000089b00000|  0%| F|  |TAMS 0x0000000089a00000, 0x0000000089a00000| Untracked 
| 155|0x0000000089b00000, 0x0000000089b00000, 0x0000000089c00000|  0%| F|  |TAMS 0x0000000089b00000, 0x0000000089b00000| Untracked 
| 156|0x0000000089c00000, 0x0000000089c00000, 0x0000000089d00000|  0%| F|  |TAMS 0x0000000089c00000, 0x0000000089c00000| Untracked 
| 157|0x0000000089d00000, 0x0000000089d00000, 0x0000000089e00000|  0%| F|  |TAMS 0x0000000089d00000, 0x0000000089d00000| Untracked 
| 158|0x0000000089e00000, 0x0000000089e00000, 0x0000000089f00000|  0%| F|  |TAMS 0x0000000089e00000, 0x0000000089e00000| Untracked 
| 159|0x0000000089f00000, 0x0000000089f00000, 0x000000008a000000|  0%| F|  |TAMS 0x0000000089f00000, 0x0000000089f00000| Untracked 
| 160|0x000000008a000000, 0x000000008a000000, 0x000000008a100000|  0%| F|  |TAMS 0x000000008a000000, 0x000000008a000000| Untracked 
| 161|0x000000008a100000, 0x000000008a100000, 0x000000008a200000|  0%| F|  |TAMS 0x000000008a100000, 0x000000008a100000| Untracked 
| 162|0x000000008a200000, 0x000000008a200000, 0x000000008a300000|  0%| F|  |TAMS 0x000000008a200000, 0x000000008a200000| Untracked 
| 163|0x000000008a300000, 0x000000008a300000, 0x000000008a400000|  0%| F|  |TAMS 0x000000008a300000, 0x000000008a300000| Untracked 
| 164|0x000000008a400000, 0x000000008a479ee0, 0x000000008a500000| 47%| S|CS|TAMS 0x000000008a400000, 0x000000008a400000| Complete 
| 165|0x000000008a500000, 0x000000008a600000, 0x000000008a600000|100%| S|CS|TAMS 0x000000008a500000, 0x000000008a500000| Complete 
| 166|0x000000008a600000, 0x000000008a700000, 0x000000008a700000|100%| S|CS|TAMS 0x000000008a600000, 0x000000008a600000| Complete 
| 167|0x000000008a700000, 0x000000008a700000, 0x000000008a800000|  0%| F|  |TAMS 0x000000008a700000, 0x000000008a700000| Untracked 
| 168|0x000000008a800000, 0x000000008a800000, 0x000000008a900000|  0%| F|  |TAMS 0x000000008a800000, 0x000000008a800000| Untracked 
| 169|0x000000008a900000, 0x000000008a900000, 0x000000008aa00000|  0%| F|  |TAMS 0x000000008a900000, 0x000000008a900000| Untracked 
| 170|0x000000008aa00000, 0x000000008aa00000, 0x000000008ab00000|  0%| F|  |TAMS 0x000000008aa00000, 0x000000008aa00000| Untracked 
| 171|0x000000008ab00000, 0x000000008ab00000, 0x000000008ac00000|  0%| F|  |TAMS 0x000000008ab00000, 0x000000008ab00000| Untracked 
| 172|0x000000008ac00000, 0x000000008ac00000, 0x000000008ad00000|  0%| F|  |TAMS 0x000000008ac00000, 0x000000008ac00000| Untracked 
| 173|0x000000008ad00000, 0x000000008ad00000, 0x000000008ae00000|  0%| F|  |TAMS 0x000000008ad00000, 0x000000008ad00000| Untracked 
| 174|0x000000008ae00000, 0x000000008ae00000, 0x000000008af00000|  0%| F|  |TAMS 0x000000008ae00000, 0x000000008ae00000| Untracked 
| 175|0x000000008af00000, 0x000000008af00000, 0x000000008b000000|  0%| F|  |TAMS 0x000000008af00000, 0x000000008af00000| Untracked 
| 176|0x000000008b000000, 0x000000008b06f740, 0x000000008b100000| 43%| E|  |TAMS 0x000000008b000000, 0x000000008b000000| Complete 
| 177|0x000000008b100000, 0x000000008b200000, 0x000000008b200000|100%| E|CS|TAMS 0x000000008b100000, 0x000000008b100000| Complete 
| 178|0x000000008b200000, 0x000000008b300000, 0x000000008b300000|100%| E|CS|TAMS 0x000000008b200000, 0x000000008b200000| Complete 
| 179|0x000000008b300000, 0x000000008b400000, 0x000000008b400000|100%| E|CS|TAMS 0x000000008b300000, 0x000000008b300000| Complete 
| 180|0x000000008b400000, 0x000000008b500000, 0x000000008b500000|100%| E|CS|TAMS 0x000000008b400000, 0x000000008b400000| Complete 
| 181|0x000000008b500000, 0x000000008b600000, 0x000000008b600000|100%| E|CS|TAMS 0x000000008b500000, 0x000000008b500000| Complete 
| 182|0x000000008b600000, 0x000000008b700000, 0x000000008b700000|100%| E|CS|TAMS 0x000000008b600000, 0x000000008b600000| Complete 
| 183|0x000000008b700000, 0x000000008b800000, 0x000000008b800000|100%| E|CS|TAMS 0x000000008b700000, 0x000000008b700000| Complete 
| 184|0x000000008b800000, 0x000000008b900000, 0x000000008b900000|100%| E|CS|TAMS 0x000000008b800000, 0x000000008b800000| Complete 

Card table byte_map: [0x000001288f000000,0x000001288f400000] _byte_map_base: 0x000001288ec00000

Marking Bits (Prev, Next): (CMBitMap*) 0x00000128fb9ec480, (CMBitMap*) 0x00000128fb9ec448
 Prev Bits: [0x0000012891800000, 0x0000012893800000)
 Next Bits: [0x000001288f800000, 0x0000012891800000)

Polling page: 0x00000128fa080000

Metaspace:

Usage:
  Non-class:     82.17 MB capacity,    80.64 MB ( 98%) used,     1.26 MB (  2%) free+waste,   274.50 KB ( <1%) overhead. 
      Class:     12.68 MB capacity,    11.77 MB ( 93%) used,   803.92 KB (  6%) free+waste,   122.50 KB ( <1%) overhead. 
       Both:     94.85 MB capacity,    92.42 MB ( 97%) used,     2.05 MB (  2%) free+waste,   397.00 KB ( <1%) overhead. 

Virtual space:
  Non-class space:       84.00 MB reserved,      82.31 MB ( 98%) committed 
      Class space:        1.00 GB reserved,      12.78 MB (  1%) committed 
             Both:        1.08 GB reserved,      95.09 MB (  9%) committed 

Chunk freelists:
   Non-Class:  9.00 KB
       Class:  11.00 KB
        Both:  20.00 KB

MaxMetaspaceSize: 17179869184.00 GB
CompressedClassSpaceSize: 1.00 GB
Initial GC threshold: 20.80 MB
Current GC threshold: 98.90 MB
CDS: off

CodeHeap 'non-profiled nmethods': size=120064Kb used=8152Kb max_used=8152Kb free=111911Kb
 bounds [0x0000012887ac0000, 0x00000128882c0000, 0x000001288f000000]
CodeHeap 'profiled nmethods': size=120000Kb used=25446Kb max_used=25446Kb free=94553Kb
 bounds [0x0000012880590000, 0x0000012881e70000, 0x0000012887ac0000]
CodeHeap 'non-nmethods': size=5696Kb used=2376Kb max_used=2419Kb free=3319Kb
 bounds [0x0000012880000000, 0x0000012880270000, 0x0000012880590000]
 total_blobs=12651 nmethods=11751 adapters=812
 compilation: enabled
              stopped_count=0, restarted_count=0
 full_count=0

Compilation events (20 events):
Event: 48.937 Thread 0x000001289a1ac000 nmethod 11788 0x00000128882a4890 code [0x00000128882a4a60, 0x00000128882a4fe8]
Event: 48.937 Thread 0x000001289a1ac000 11789   !   4       java.nio.file.FileTreeWalker::next (144 bytes)
Event: 48.945 Thread 0x0000012895e17000 nmethod 11787 0x00000128882a5390 code [0x00000128882a55a0, 0x00000128882a6000]
Event: 48.945 Thread 0x0000012895e17000 11795   !   4       java.nio.file.FileTreeWalker::visit (204 bytes)
Event: 48.957 Thread 0x0000012895e1d800 11797       3       java.nio.channels.spi.AbstractInterruptibleChannel::blockedOn (10 bytes)
Event: 48.957 Thread 0x0000012895e1d800 nmethod 11797 0x0000012881e58c10 code [0x0000012881e58de0, 0x0000012881e59258]
Event: 48.959 Thread 0x0000012895e1d800 11798       3       java.lang.Thread::isInterrupted (6 bytes)
Event: 48.959 Thread 0x0000012895e1d800 nmethod 11798 0x0000012881e59410 code [0x0000012881e595c0, 0x0000012881e59708]
Event: 48.968 Thread 0x0000012895e1d800 11799       3       java.nio.channels.spi.AbstractInterruptibleChannel::begin (48 bytes)
Event: 48.968 Thread 0x0000012895e1d800 nmethod 11799 0x0000012881e59790 code [0x0000012881e599c0, 0x0000012881e5a2f8]
Event: 48.968 Thread 0x0000012895e1d800 11800       3       java.nio.channels.spi.AbstractInterruptibleChannel::end (53 bytes)
Event: 48.969 Thread 0x0000012895e1d800 nmethod 11800 0x0000012881e5a610 code [0x0000012881e5a840, 0x0000012881e5af98]
Event: 48.980 Thread 0x0000012895e17000 nmethod 11795 0x00000128882a6710 code [0x00000128882a69c0, 0x00000128882a7d70]
Event: 48.980 Thread 0x0000012895e17000 11801       4       jdk.nio.zipfs.ZipConstants::LG (22 bytes)
Event: 48.981 Thread 0x0000012895e17000 nmethod 11801 0x00000128882a8810 code [0x00000128882a89a0, 0x00000128882a8a78]
Event: 48.981 Thread 0x0000012895e17000 11793       4       jdk.nio.zipfs.ZipFileSystem::getEntry (38 bytes)
Event: 48.986 Thread 0x000001289a1ac000 nmethod 11789 0x00000128882a8b90 code [0x00000128882a8e80, 0x00000128882aa870]
Event: 48.986 Thread 0x000001289a1ac000 11794       4       jdk.nio.zipfs.ZipFileAttributeView::readAttributes (5 bytes)
Event: 49.003 Thread 0x0000012895e1d800 11802       3       jdk.nio.zipfs.ZipUtils::unixToJavaTime (11 bytes)
Event: 49.004 Thread 0x0000012895e1d800 nmethod 11802 0x0000012881e5b210 code [0x0000012881e5b3c0, 0x0000012881e5b4e8]

GC Heap History (20 events):
Event: 15.351 GC heap before
{Heap before GC invocations=13 (full 0):
 garbage-first heap   total 157696K, used 112190K [0x0000000080000000, 0x0000000100000000)
  region size 1024K, 61 young (62464K), 3 survivors (3072K)
 Metaspace       used 64540K, capacity 66164K, committed 66396K, reserved 1107968K
  class space    used 8078K, capacity 8678K, committed 8736K, reserved 1048576K
}
Event: 15.363 GC heap after
{Heap after GC invocations=14 (full 0):
 garbage-first heap   total 189440K, used 50973K [0x0000000080000000, 0x0000000100000000)
  region size 1024K, 7 young (7168K), 7 survivors (7168K)
 Metaspace       used 64540K, capacity 66164K, committed 66396K, reserved 1107968K
  class space    used 8078K, capacity 8678K, committed 8736K, reserved 1048576K
}
Event: 16.705 GC heap before
{Heap before GC invocations=14 (full 0):
 garbage-first heap   total 189440K, used 125725K [0x0000000080000000, 0x0000000100000000)
  region size 1024K, 79 young (80896K), 7 survivors (7168K)
 Metaspace       used 66893K, capacity 68606K, committed 68828K, reserved 1110016K
  class space    used 8412K, capacity 9031K, committed 9120K, reserved 1048576K
}
Event: 16.724 GC heap after
{Heap after GC invocations=15 (full 0):
 garbage-first heap   total 189440K, used 56028K [0x0000000080000000, 0x0000000100000000)
  region size 1024K, 5 young (5120K), 5 survivors (5120K)
 Metaspace       used 66893K, capacity 68606K, committed 68828K, reserved 1110016K
  class space    used 8412K, capacity 9031K, committed 9120K, reserved 1048576K
}
Event: 18.609 GC heap before
{Heap before GC invocations=15 (full 0):
 garbage-first heap   total 189440K, used 131804K [0x0000000080000000, 0x0000000100000000)
  region size 1024K, 79 young (80896K), 5 survivors (5120K)
 Metaspace       used 73271K, capacity 74994K, committed 75228K, reserved 1114112K
  class space    used 9407K, capacity 10019K, committed 10144K, reserved 1048576K
}
Event: 18.625 GC heap after
{Heap after GC invocations=16 (full 0):
 garbage-first heap   total 189440K, used 60354K [0x0000000080000000, 0x0000000100000000)
  region size 1024K, 10 young (10240K), 10 survivors (10240K)
 Metaspace       used 73271K, capacity 74994K, committed 75228K, reserved 1114112K
  class space    used 9407K, capacity 10019K, committed 10144K, reserved 1048576K
}
Event: 20.667 GC heap before
{Heap before GC invocations=16 (full 0):
 garbage-first heap   total 189440K, used 136130K [0x0000000080000000, 0x0000000100000000)
  region size 1024K, 84 young (86016K), 10 survivors (10240K)
 Metaspace       used 78299K, capacity 80113K, committed 80348K, reserved 1118208K
  class space    used 10145K, capacity 10833K, committed 10912K, reserved 1048576K
}
Event: 20.702 GC heap after
{Heap after GC invocations=17 (full 0):
 garbage-first heap   total 189440K, used 65535K [0x0000000080000000, 0x0000000100000000)
  region size 1024K, 10 young (10240K), 10 survivors (10240K)
 Metaspace       used 78299K, capacity 80113K, committed 80348K, reserved 1118208K
  class space    used 10145K, capacity 10833K, committed 10912K, reserved 1048576K
}
Event: 25.496 GC heap before
{Heap before GC invocations=17 (full 0):
 garbage-first heap   total 189440K, used 140287K [0x0000000080000000, 0x0000000100000000)
  region size 1024K, 84 young (86016K), 10 survivors (10240K)
 Metaspace       used 85360K, capacity 87473K, committed 87644K, reserved 1126400K
  class space    used 10978K, capacity 11756K, committed 11808K, reserved 1048576K
}
Event: 25.521 GC heap after
{Heap after GC invocations=18 (full 0):
 garbage-first heap   total 189440K, used 73411K [0x0000000080000000, 0x0000000100000000)
  region size 1024K, 11 young (11264K), 11 survivors (11264K)
 Metaspace       used 85360K, capacity 87473K, committed 87644K, reserved 1126400K
  class space    used 10978K, capacity 11756K, committed 11808K, reserved 1048576K
}
Event: 28.750 GC heap before
{Heap before GC invocations=18 (full 0):
 garbage-first heap   total 189440K, used 143043K [0x0000000080000000, 0x0000000100000000)
  region size 1024K, 80 young (81920K), 11 survivors (11264K)
 Metaspace       used 86517K, capacity 88732K, committed 88796K, reserved 1126400K
  class space    used 11070K, capacity 11902K, committed 11936K, reserved 1048576K
}
Event: 28.780 GC heap after
{Heap after GC invocations=19 (full 0):
 garbage-first heap   total 189440K, used 79134K [0x0000000080000000, 0x0000000100000000)
  region size 1024K, 6 young (6144K), 6 survivors (6144K)
 Metaspace       used 86517K, capacity 88732K, committed 88796K, reserved 1126400K
  class space    used 11070K, capacity 11902K, committed 11936K, reserved 1048576K
}
Event: 31.531 GC heap before
{Heap before GC invocations=19 (full 0):
 garbage-first heap   total 189440K, used 146718K [0x0000000080000000, 0x0000000100000000)
  region size 1024K, 73 young (74752K), 6 survivors (6144K)
 Metaspace       used 87140K, capacity 89410K, committed 89692K, reserved 1126400K
  class space    used 11111K, capacity 11952K, committed 12064K, reserved 1048576K
}
Event: 31.547 GC heap after
{Heap after GC invocations=20 (full 0):
 garbage-first heap   total 189440K, used 83180K [0x0000000080000000, 0x0000000100000000)
  region size 1024K, 10 young (10240K), 10 survivors (10240K)
 Metaspace       used 87140K, capacity 89410K, committed 89692K, reserved 1126400K
  class space    used 11111K, capacity 11952K, committed 12064K, reserved 1048576K
}
Event: 35.373 GC heap before
{Heap before GC invocations=20 (full 0):
 garbage-first heap   total 189440K, used 148716K [0x0000000080000000, 0x0000000100000000)
  region size 1024K, 75 young (76800K), 10 survivors (10240K)
 Metaspace       used 87420K, capacity 89735K, committed 89948K, reserved 1128448K
  class space    used 11148K, capacity 12006K, committed 12064K, reserved 1048576K
}
Event: 35.404 GC heap after
{Heap after GC invocations=21 (full 0):
 garbage-first heap   total 189440K, used 87373K [0x0000000080000000, 0x0000000100000000)
  region size 1024K, 10 young (10240K), 10 survivors (10240K)
 Metaspace       used 87420K, capacity 89735K, committed 89948K, reserved 1128448K
  class space    used 11148K, capacity 12006K, committed 12064K, reserved 1048576K
}
Event: 48.288 GC heap before
{Heap before GC invocations=21 (full 0):
 garbage-first heap   total 189440K, used 150861K [0x0000000080000000, 0x0000000100000000)
  region size 1024K, 73 young (74752K), 10 survivors (10240K)
 Metaspace       used 90105K, capacity 92500K, committed 92636K, reserved 1130496K
  class space    used 11516K, capacity 12415K, committed 12448K, reserved 1048576K
}
Event: 48.316 GC heap after
{Heap after GC invocations=22 (full 0):
 garbage-first heap   total 189440K, used 95829K [0x0000000080000000, 0x0000000100000000)
  region size 1024K, 10 young (10240K), 10 survivors (10240K)
 Metaspace       used 90105K, capacity 92500K, committed 92636K, reserved 1130496K
  class space    used 11516K, capacity 12415K, committed 12448K, reserved 1048576K
}
Event: 48.736 GC heap before
{Heap before GC invocations=22 (full 0):
 garbage-first heap   total 189440K, used 112213K [0x0000000080000000, 0x0000000100000000)
  region size 1024K, 28 young (28672K), 10 survivors (10240K)
 Metaspace       used 94540K, capacity 97058K, committed 97372K, reserved 1134592K
  class space    used 12051K, capacity 12979K, committed 13088K, reserved 1048576K
}
Event: 48.764 GC heap after
{Heap after GC invocations=23 (full 0):
 garbage-first heap   total 189440K, used 98791K [0x0000000080000000, 0x0000000100000000)
  region size 1024K, 3 young (3072K), 3 survivors (3072K)
 Metaspace       used 94540K, capacity 97058K, committed 97372K, reserved 1134592K
  class space    used 12051K, capacity 12979K, committed 13088K, reserved 1048576K
}

Deoptimization events (20 events):
Event: 48.897 Thread 0x00000128995f7000 Uncommon trap: trap_request=0xffffff4d fr.pc=0x000001288829b980 relative=0x0000000000000260
Event: 48.897 Thread 0x00000128995f7000 Uncommon trap: reason=unstable_if action=reinterpret pc=0x000001288829b980 method=jdk.nio.zipfs.ZipPath.<init>(Ljdk/nio/zipfs/ZipFileSystem;[BZ)V @ 20 c2
Event: 48.897 Thread 0x00000128995f7000 DEOPT PACKING pc=0x000001288829b980 sp=0x0000001ec09f7910
Event: 48.897 Thread 0x00000128995f7000 DEOPT UNPACKING pc=0x000001288004a1af sp=0x0000001ec09f78e0 mode 2
Event: 48.914 Thread 0x00000128995f7000 Uncommon trap: trap_request=0xffffff4d fr.pc=0x000001288829e45c relative=0x000000000000067c
Event: 48.914 Thread 0x00000128995f7000 Uncommon trap: reason=unstable_if action=reinterpret pc=0x000001288829e45c method=jdk.nio.zipfs.ZipPath.resolve([B)Ljdk/nio/zipfs/ZipPath; @ 26 c2
Event: 48.914 Thread 0x00000128995f7000 DEOPT PACKING pc=0x000001288829e45c sp=0x0000001ec09f76e0
Event: 48.914 Thread 0x00000128995f7000 DEOPT UNPACKING pc=0x000001288004a1af sp=0x0000001ec09f7648 mode 2
Event: 48.914 Thread 0x00000128995f7000 Uncommon trap: trap_request=0xffffff4d fr.pc=0x000001288829f248 relative=0x0000000000000588
Event: 48.914 Thread 0x00000128995f7000 Uncommon trap: reason=unstable_if action=reinterpret pc=0x000001288829f248 method=jdk.nio.zipfs.ZipPath.resolve([B)Ljdk/nio/zipfs/ZipPath; @ 26 c2
Event: 48.914 Thread 0x00000128995f7000 DEOPT PACKING pc=0x000001288829f248 sp=0x0000001ec09f7650
Event: 48.914 Thread 0x00000128995f7000 DEOPT UNPACKING pc=0x000001288004a1af sp=0x0000001ec09f7638 mode 2
Event: 48.914 Thread 0x00000128995f7000 Uncommon trap: trap_request=0xffffff4d fr.pc=0x000001288829c114 relative=0x0000000000000554
Event: 48.914 Thread 0x00000128995f7000 Uncommon trap: reason=unstable_if action=reinterpret pc=0x000001288829c114 method=jdk.nio.zipfs.ZipPath.getFileName()Ljdk/nio/zipfs/ZipPath; @ 12 c2
Event: 48.914 Thread 0x00000128995f7000 DEOPT PACKING pc=0x000001288829c114 sp=0x0000001ec09f7960
Event: 48.914 Thread 0x00000128995f7000 DEOPT UNPACKING pc=0x000001288004a1af sp=0x0000001ec09f7910 mode 2
Event: 48.919 Thread 0x00000128995f7000 Uncommon trap: trap_request=0xfffffff4 fr.pc=0x00000128882a3494 relative=0x0000000000000854
Event: 48.919 Thread 0x00000128995f7000 Uncommon trap: reason=null_check action=make_not_entrant pc=0x00000128882a3494 method=jdk.nio.zipfs.ZipFileSystem.getInode([B)Ljdk/nio/zipfs/ZipFileSystem$IndexNode; @ 26 c2
Event: 48.919 Thread 0x00000128995f7000 DEOPT PACKING pc=0x00000128882a3494 sp=0x0000001ec09f7870
Event: 48.919 Thread 0x00000128995f7000 DEOPT UNPACKING pc=0x000001288004a1af sp=0x0000001ec09f77d8 mode 2

Classes redefined (0 events):
No events

Internal exceptions (20 events):
Event: 23.338 Thread 0x00000128995f4800 Exception <a 'java/lang/NoSuchMethodError'{0x0000000087d8d900}: 'int java.lang.invoke.DirectMethodHandle$Holder.invokeSpecial(java.lang.Object, java.lang.Object, java.lang.Object, java.lang.Object, java.lang.Object)'> (0x0000000087d8d900) thrown at [./src/hotspot/share/interpreter/linkResolver.cpp, line 773]
Event: 25.630 Thread 0x00000128995f4800 Exception <a 'java/lang/NoSuchMethodError'{0x000000008b428fb8}: 'void java.lang.invoke.DirectMethodHandle$Holder.invokeStatic(java.lang.Object, java.lang.Object, java.lang.Object, java.lang.Object, int, java.lang.Object, java.lang.Object)'> (0x000000008b428fb8) thrown at [./src/hotspot/share/interpreter/linkResolver.cpp, line 773]
Event: 25.729 Thread 0x00000128995f4800 Exception <a 'java/lang/NoSuchMethodError'{0x000000008b351a10}: 'java.lang.Object java.lang.invoke.DirectMethodHandle$Holder.invokeSpecialIFC(java.lang.Object, java.lang.Object, java.lang.Object)'> (0x000000008b351a10) thrown at [./src/hotspot/share/interpreter/linkResolver.cpp, line 773]
Event: 25.729 Thread 0x0000012899434000 Exception <a 'java/lang/NoSuchMethodError'{0x000000008af31230}: 'java.lang.Object java.lang.invoke.DirectMethodHandle$Holder.invokeSpecialIFC(java.lang.Object, java.lang.Object, java.lang.Object)'> (0x000000008af31230) thrown at [./src/hotspot/share/interpreter/linkResolver.cpp, line 773]
Event: 26.294 Thread 0x0000012898dfe800 Exception <a 'java/lang/NoSuchMethodError'{0x0000000089e7b0b0}: 'void java.lang.invoke.DirectMethodHandle$Holder.invokeVirtual(java.lang.Object, java.lang.Object)'> (0x0000000089e7b0b0) thrown at [./src/hotspot/share/interpreter/linkResolver.cpp, line 773]
Event: 26.990 Thread 0x0000012899434000 Implicit null exception at 0x00000128880a4d78 to 0x00000128880a56ec
Event: 27.218 Thread 0x00000128995ee800 Implicit null exception at 0x00000128880af354 to 0x00000128880afb70
Event: 29.389 Thread 0x00000128995f4800 Exception <a 'java/lang/NoSuchMethodError'{0x000000008a394230}: 'void java.lang.invoke.DirectMethodHandle$Holder.invokeInterface(java.lang.Object, java.lang.Object, java.lang.Object, java.lang.Object)'> (0x000000008a394230) thrown at [./src/hotspot/share/interpreter/linkResolver.cpp, line 773]
Event: 32.717 Thread 0x00000128995f7000 Exception <a 'java/lang/NoSuchMethodError'{0x0000000089ac5758}: <clinit>> (0x0000000089ac5758) thrown at [./src/hotspot/share/prims/jni.cpp, line 1366]
Event: 32.717 Thread 0x00000128995f7000 Exception <a 'java/lang/NoSuchMethodError'{0x0000000089ac7008}: <clinit>> (0x0000000089ac7008) thrown at [./src/hotspot/share/prims/jni.cpp, line 1366]
Event: 32.717 Thread 0x00000128995f7000 Exception <a 'java/lang/NoSuchMethodError'{0x0000000089ac9ea0}: <clinit>> (0x0000000089ac9ea0) thrown at [./src/hotspot/share/prims/jni.cpp, line 1366]
Event: 32.719 Thread 0x00000128995f7000 Exception <a 'java/lang/NoSuchMethodError'{0x0000000089ae5d80}: <clinit>> (0x0000000089ae5d80) thrown at [./src/hotspot/share/prims/jni.cpp, line 1366]
Event: 32.719 Thread 0x00000128995f7000 Exception <a 'java/lang/NoSuchMethodError'{0x0000000089ae7260}: <clinit>> (0x0000000089ae7260) thrown at [./src/hotspot/share/prims/jni.cpp, line 1366]
Event: 41.329 Thread 0x00000128995f7000 Exception <a 'java/lang/NoSuchMethodError'{0x0000000088679d68}: 'java.lang.Object java.lang.invoke.DirectMethodHandle$Holder.invokeStatic(java.lang.Object, java.lang.Object, int, java.lang.Object, java.lang.Object, java.lang.Object, java.lang.Object)'> (0x0000000088679d68) thrown at [./src/hotspot/share/interpreter/linkResolver.cpp, line 773]
Event: 48.178 Thread 0x00000128995f7000 Exception <a 'sun/nio/fs/WindowsException'{0x0000000087c98f80}> (0x0000000087c98f80) thrown at [./src/hotspot/share/prims/jni.cpp, line 616]
Event: 48.180 Thread 0x00000128995f7000 Exception <a 'java/lang/NoSuchMethodError'{0x0000000087ca5010}: 'java.lang.Object java.lang.invoke.Invokers$Holder.linkToTargetMethod(java.lang.Object, java.lang.Object, java.lang.Object, int, int, java.lang.Object)'> (0x0000000087ca5010) thrown at [./src/hotspot/share/interpreter/linkResolver.cpp, line 773]
Event: 48.206 Thread 0x00000128995f7000 Exception <a 'java/lang/NoSuchMethodError'{0x0000000087cf4290}: 'void java.lang.invoke.DirectMethodHandle$Holder.invokeVirtual(java.lang.Object, java.lang.Object, java.lang.Object, java.lang.Object)'> (0x0000000087cf4290) thrown at [./src/hotspot/share/interpreter/linkResolver.cpp, line 773]
Event: 48.726 Thread 0x00000128995f7000 Exception <a 'sun/nio/fs/WindowsException'{0x000000008a7bcdf8}> (0x000000008a7bcdf8) thrown at [./src/hotspot/share/prims/jni.cpp, line 616]
Event: 48.726 Thread 0x00000128995f7000 Exception <a 'sun/nio/fs/WindowsException'{0x000000008a7bcf00}> (0x000000008a7bcf00) thrown at [./src/hotspot/share/prims/jni.cpp, line 616]
Event: 48.919 Thread 0x00000128995f7000 Implicit null exception at 0x00000128882a2eb7 to 0x00000128882a3489

Events (20 events):
Event: 48.665 loading class com/sun/tools/javac/parser/Tokens$TokenKind done
Event: 48.665 loading class com/sun/tools/javac/util/Filter
Event: 48.665 loading class com/sun/tools/javac/util/Filter done
Event: 48.678 loading class com/sun/tools/javac/tree/JCTree
Event: 48.678 loading class com/sun/tools/javac/tree/JCTree done
Event: 48.678 loading class com/sun/tools/javac/tree/JCTree
Event: 48.678 loading class com/sun/tools/javac/tree/JCTree done
Event: 48.701 Executing VM operation: Deoptimize
Event: 48.702 Executing VM operation: Deoptimize done
Event: 48.721 loading class com/sun/tools/javac/comp/Modules
Event: 48.721 loading class com/sun/tools/javac/comp/Modules done
Event: 48.723 loading class com/sun/tools/javac/code/Symbol$PackageSymbol
Event: 48.723 loading class com/sun/tools/javac/code/Symbol$PackageSymbol done
Event: 48.736 Executing VM operation: G1CollectForAllocation
Event: 48.764 Executing VM operation: G1CollectForAllocation done
Event: 48.783 Thread 0x000001289a1ac000 Thread added: 0x000001289a1ac000
Event: 48.915 loading class com/sun/tools/javac/code/Symbol$PackageSymbol
Event: 48.915 loading class com/sun/tools/javac/code/Symbol$PackageSymbol done
Event: 48.915 loading class com/sun/tools/javac/code/ClassFinder
Event: 48.915 loading class com/sun/tools/javac/code/ClassFinder done


Dynamic libraries:
0x00007ff6a1920000 - 0x00007ff6a192a000 	C:\Program Files\Android\Android Studio\jre\bin\java.exe
0x00007ffa7e930000 - 0x00007ffa7eb28000 	C:\Windows\SYSTEM32\ntdll.dll
0x00007ffa7ca30000 - 0x00007ffa7caed000 	C:\Windows\System32\KERNEL32.DLL
0x00007ffa7c180000 - 0x00007ffa7c452000 	C:\Windows\System32\KERNELBASE.dll
0x00007ffa7c890000 - 0x00007ffa7c990000 	C:\Windows\System32\ucrtbase.dll
0x00007ffa58f70000 - 0x00007ffa58f87000 	C:\Program Files\Android\Android Studio\jre\bin\VCRUNTIME140.dll
0x00007ffa76a90000 - 0x00007ffa76aa9000 	C:\Program Files\Android\Android Studio\jre\bin\jli.dll
0x00007ffa7e630000 - 0x00007ffa7e7cd000 	C:\Windows\System32\USER32.dll
0x00007ffa7c040000 - 0x00007ffa7c062000 	C:\Windows\System32\win32u.dll
0x00007ffa70a30000 - 0x00007ffa70cca000 	C:\Windows\WinSxS\amd64_microsoft.windows.common-controls_6595b64144ccf1df_6.0.19041.1110_none_60b5254171f9507e\COMCTL32.dll
0x00007ffa7c990000 - 0x00007ffa7ca2e000 	C:\Windows\System32\msvcrt.dll
0x00007ffa7d710000 - 0x00007ffa7d73b000 	C:\Windows\System32\GDI32.dll
0x00007ffa7c580000 - 0x00007ffa7c68f000 	C:\Windows\System32\gdi32full.dll
0x00007ffa7c690000 - 0x00007ffa7c72d000 	C:\Windows\System32\msvcp_win.dll
0x00007ffa7dfd0000 - 0x00007ffa7e000000 	C:\Windows\System32\IMM32.DLL
0x00007ffa47070000 - 0x00007ffa4710d000 	C:\Program Files\Android\Android Studio\jre\bin\msvcp140.dll
0x00007ffa47720000 - 0x00007ffa48222000 	C:\Program Files\Android\Android Studio\jre\bin\server\jvm.dll
0x00007ffa7dbc0000 - 0x00007ffa7dc6e000 	C:\Windows\System32\ADVAPI32.dll
0x00007ffa7d400000 - 0x00007ffa7d49c000 	C:\Windows\System32\sechost.dll
0x00007ffa7caf0000 - 0x00007ffa7cc15000 	C:\Windows\System32\RPCRT4.dll
0x00007ffa7d4b0000 - 0x00007ffa7d4b8000 	C:\Windows\System32\PSAPI.DLL
0x00007ffa71fd0000 - 0x00007ffa71fd9000 	C:\Windows\SYSTEM32\WSOCK32.dll
0x00007ffa76f60000 - 0x00007ffa76f6a000 	C:\Windows\SYSTEM32\VERSION.dll
0x00007ffa76270000 - 0x00007ffa76297000 	C:\Windows\SYSTEM32\WINMM.dll
0x00007ffa7e880000 - 0x00007ffa7e8eb000 	C:\Windows\System32\WS2_32.dll
0x00007ffa79f20000 - 0x00007ffa79f32000 	C:\Windows\SYSTEM32\kernel.appcore.dll
0x00007ffa584d0000 - 0x00007ffa584e1000 	C:\Program Files\Android\Android Studio\jre\bin\verify.dll
0x00007ffa69f60000 - 0x00007ffa6a144000 	C:\Windows\SYSTEM32\DBGHELP.DLL
0x00007ffa6ac90000 - 0x00007ffa6acbc000 	C:\Windows\SYSTEM32\dbgcore.DLL
0x00007ffa7c0f0000 - 0x00007ffa7c172000 	C:\Windows\System32\bcryptPrimitives.dll
0x00007ffa51dc0000 - 0x00007ffa51de9000 	C:\Program Files\Android\Android Studio\jre\bin\java.dll
0x00007ffa6f710000 - 0x00007ffa6f71b000 	C:\Program Files\Android\Android Studio\jre\bin\jimage.dll
0x00007ffa57320000 - 0x00007ffa57338000 	C:\Program Files\Android\Android Studio\jre\bin\zip.dll
0x00007ffa7ccb0000 - 0x00007ffa7d3f3000 	C:\Windows\System32\SHELL32.dll
0x00007ffa7a120000 - 0x00007ffa7a8b1000 	C:\Windows\SYSTEM32\windows.storage.dll
0x00007ffa7dc70000 - 0x00007ffa7dfc4000 	C:\Windows\System32\combase.dll
0x00007ffa7b9c0000 - 0x00007ffa7b9f0000 	C:\Windows\SYSTEM32\Wldp.dll
0x00007ffa7e7d0000 - 0x00007ffa7e87d000 	C:\Windows\System32\SHCORE.dll
0x00007ffa7e000000 - 0x00007ffa7e055000 	C:\Windows\System32\shlwapi.dll
0x00007ffa7bf80000 - 0x00007ffa7bf9f000 	C:\Windows\SYSTEM32\profapi.dll
0x00007ffa50bf0000 - 0x00007ffa50c0a000 	C:\Program Files\Android\Android Studio\jre\bin\net.dll
0x00007ffa706a0000 - 0x00007ffa707ad000 	C:\Windows\SYSTEM32\WINHTTP.dll
0x00007ffa7b720000 - 0x00007ffa7b78a000 	C:\Windows\system32\mswsock.dll
0x00007ffa4fea0000 - 0x00007ffa4feb4000 	C:\Program Files\Android\Android Studio\jre\bin\nio.dll
0x00007ffa6da20000 - 0x00007ffa6da47000 	C:\Users\Nail\.gradle\native\e1d6ef7f7dcc3fd88c89a11ec53ec762bb8ba0a96d01ffa2cd45eb1d1d8dd5c5\windows-amd64\native-platform.dll
0x00007ffa6e380000 - 0x00007ffa6e4c4000 	C:\Users\Nail\.gradle\native\0d407fdbe67a94daf76414ababcb853783967236a71b16ec16e742cd7a986fd3\windows-amd64\native-platform-file-events.dll
0x00007ffa6c6a0000 - 0x00007ffa6c6aa000 	C:\Program Files\Android\Android Studio\jre\bin\management.dll
0x00007ffa6c1e0000 - 0x00007ffa6c1ed000 	C:\Program Files\Android\Android Studio\jre\bin\management_ext.dll
0x00007ffa7b910000 - 0x00007ffa7b928000 	C:\Windows\SYSTEM32\CRYPTSP.dll
0x00007ffa7b040000 - 0x00007ffa7b074000 	C:\Windows\system32\rsaenh.dll
0x00007ffa7c070000 - 0x00007ffa7c097000 	C:\Windows\System32\bcrypt.dll
0x00007ffa7bf00000 - 0x00007ffa7bf2e000 	C:\Windows\SYSTEM32\USERENV.dll
0x00007ffa7b930000 - 0x00007ffa7b93c000 	C:\Windows\SYSTEM32\CRYPTBASE.dll
0x00007ffa7b410000 - 0x00007ffa7b44b000 	C:\Windows\SYSTEM32\IPHLPAPI.DLL
0x00007ffa7d740000 - 0x00007ffa7d748000 	C:\Windows\System32\NSI.dll
0x00007ffa74dd0000 - 0x00007ffa74de7000 	C:\Windows\SYSTEM32\dhcpcsvc6.DLL
0x00007ffa74db0000 - 0x00007ffa74dcd000 	C:\Windows\SYSTEM32\dhcpcsvc.DLL
0x00007ffa7b450000 - 0x00007ffa7b51a000 	C:\Windows\SYSTEM32\DNSAPI.dll

dbghelp: loaded successfully - version: 4.0.5 - missing functions: none
symbol engine: initialized successfully - sym options: 0x614 - pdb path: .;C:\Program Files\Android\Android Studio\jre\bin;C:\Windows\SYSTEM32;C:\Windows\WinSxS\amd64_microsoft.windows.common-controls_6595b64144ccf1df_6.0.19041.1110_none_60b5254171f9507e;C:\Program Files\Android\Android Studio\jre\bin\server;C:\Users\Nail\.gradle\native\e1d6ef7f7dcc3fd88c89a11ec53ec762bb8ba0a96d01ffa2cd45eb1d1d8dd5c5\windows-amd64;C:\Users\Nail\.gradle\native\0d407fdbe67a94daf76414ababcb853783967236a71b16ec16e742cd7a986fd3\windows-amd64

VM Arguments:
jvm_args: --add-opens=java.base/java.util=ALL-UNNAMED --add-opens=java.base/java.lang=ALL-UNNAMED --add-opens=java.base/java.lang.invoke=ALL-UNNAMED --add-opens=java.base/java.util=ALL-UNNAMED --add-opens=java.prefs/java.util.prefs=ALL-UNNAMED --add-opens=java.prefs/java.util.prefs=ALL-UNNAMED --add-opens=java.base/java.nio.charset=ALL-UNNAMED --add-opens=java.base/java.net=ALL-UNNAMED --add-opens=java.base/java.util.concurrent.atomic=ALL-UNNAMED -Xmx2048m -Dfile.encoding=UTF-8 -Duser.country=TR -Duser.language=tr -Duser.variant 
java_command: org.gradle.launcher.daemon.bootstrap.GradleDaemon 7.4
java_class_path (initial): C:\Users\Nail\.gradle\wrapper\dists\gradle-7.4-bin\c0gwcg53nkjbqw7r0h0umtfvt\gradle-7.4\lib\gradle-launcher-7.4.jar
Launcher Type: SUN_STANDARD

[Global flags]
     intx CICompilerCount                          = 3                                         {product} {ergonomic}
     uint ConcGCThreads                            = 1                                         {product} {ergonomic}
     uint G1ConcRefinementThreads                  = 4                                         {product} {ergonomic}
   size_t G1HeapRegionSize                         = 1048576                                   {product} {ergonomic}
    uintx GCDrainStackTargetSize                   = 64                                        {product} {ergonomic}
   size_t InitialHeapSize                          = 134217728                                 {product} {ergonomic}
   size_t MarkStackSize                            = 4194304                                   {product} {ergonomic}
   size_t MaxHeapSize                              = 2147483648                                {product} {command line}
   size_t MaxNewSize                               = 1287651328                                {product} {ergonomic}
   size_t MinHeapDeltaBytes                        = 1048576                                   {product} {ergonomic}
    uintx NonNMethodCodeHeapSize                   = 5830732                                {pd product} {ergonomic}
    uintx NonProfiledCodeHeapSize                  = 122913754                              {pd product} {ergonomic}
    uintx ProfiledCodeHeapSize                     = 122913754                              {pd product} {ergonomic}
    uintx ReservedCodeCacheSize                    = 251658240                              {pd product} {ergonomic}
     bool SegmentedCodeCache                       = true                                      {product} {ergonomic}
     bool UseCompressedClassPointers               = true                                 {lp64_product} {ergonomic}
     bool UseCompressedOops                        = true                                 {lp64_product} {ergonomic}
     bool UseG1GC                                  = true                                      {product} {ergonomic}
     bool UseLargePagesIndividualAllocation        = false                                  {pd product} {ergonomic}

Logging:
Log output configuration:
 #0: stdout all=warning uptime,level,tags
 #1: stderr all=off uptime,level,tags

Environment Variables:
PATH=C:\Program Files\Common Files\Oracle\Java\javapath;C:\Windows\system32;C:\Windows;C:\Windows\System32\Wbem;C:\Windows\System32\WindowsPowerShell\v1.0\;C:\Windows\System32\OpenSSH\;C:\Users\Nail\AppData\Local\Microsoft\WindowsApps;
USERNAME=Nail
OS=Windows_NT
PROCESSOR_IDENTIFIER=Intel64 Family 6 Model 58 Stepping 9, GenuineIntel



---------------  S Y S T E M  ---------------

OS: Windows 10 , 64 bit Build 19041 (10.0.19041.1889)
OS uptime: 8 days 3:43 hours

CPU:total 4 (initial active 4) (2 cores per cpu, 2 threads per core) family 6 model 58 stepping 9 microcode 0x21, cmov, cx8, fxsr, mmx, sse, sse2, sse3, ssse3, sse4.1, sse4.2, popcnt, avx, clmul, erms, ht, tsc, tscinvbit, tscinv

Memory: 4k page, system-wide physical 8159M (1118M free)
TotalPageFile size 16506M (AvailPageFile size 6152M)
current process WorkingSet (physical memory assigned to process): 439M, peak: 442M
current process commit charge ("private bytes"): 466M, peak: 472M

vm_info: OpenJDK 64-Bit Server VM (11.0.13+0-b1751.21-8125866) for windows-amd64 JRE (11.0.13+0-b1751.21-8125866), built on Feb  2 2022 03:00:22 by "builder" with MS VC++ 14.0 (VS2015)

END.
